2022-11-04 21:19:33 WARN       --- [restartedMain] org.hibernate.mapping.RootClass : HHH000038: Composite-id class does not override equals(): com.cldbiz.security.domain.AppCodeKey
2022-11-04 21:19:33 WARN       --- [restartedMain] org.hibernate.mapping.RootClass : HHH000039: Composite-id class does not override hashCode(): com.cldbiz.security.domain.AppCodeKey
2022-11-04 21:19:33 DEBUG      --- [restartedMain] o.h.t.spi.TypeConfiguration$Scope : Scoping TypeConfiguration [org.hibernate.type.spi.TypeConfiguration@3b316cab] to SessionFactoryImpl [org.hibernate.internal.SessionFactoryImpl@69a3c3f6]
2022-11-04 21:19:33 INFO       --- [restartedMain] o.h.e.t.j.p.i.JtaPlatformInitiator : HHH000490: Using JtaPlatform implementation: [org.hibernate.engine.transaction.jta.platform.internal.NoJtaPlatform]
2022-11-04 21:19:33 TRACE      --- [restartedMain] o.h.t.spi.TypeConfiguration$Scope : Handling #sessionFactoryCreated from [org.hibernate.internal.SessionFactoryImpl@69a3c3f6] for TypeConfiguration
2022-11-04 21:19:33 INFO       --- [restartedMain] org.owasp.validator.html.Policy : Attempting to load AntiSamy policy from URL: file:/C:/Users/cliff/work/workspace-security/security-api/target/classes/antisamy.xml
2022-11-04 21:19:34 WARN       --- [restartedMain] o.s.b.a.o.j.JpaBaseConfiguration$JpaWebConfiguration : spring.jpa.open-in-view is enabled by default. Therefore, database queries may be performed during view rendering. Explicitly configure spring.jpa.open-in-view to disable this warning
2022-11-04 21:19:36 INFO       --- [restartedMain] o.a.coyote.http11.Http11NioProtocol : Starting ProtocolHandler ["http-nio-8008"]
2022-11-04 21:19:36 INFO       --- [restartedMain] c.c.security.SecurityApplication : Started SecurityApplication in 7.105 seconds (JVM running for 7.894)
2022-11-04 21:20:33 INFO       --- [http-nio-8008-exec-1] o.a.c.c.C.[.[localhost].[/security] : Initializing Spring DispatcherServlet 'dispatcherServlet'
2022-11-04 21:20:33 INFO       --- [http-nio-8008-exec-1] c.c.s.controller.SecurityController : initApp called, this info message will appear in dev and prod profiles
2022-11-04 21:20:33 DEBUG      --- [http-nio-8008-exec-1] c.c.s.controller.SecurityController : initApp called, will appear only in dev profile
2022-11-04 21:20:35 TRACE      --- [Thread-5] o.h.t.spi.TypeConfiguration$Scope : Handling #sessionFactoryClosed from [org.hibernate.internal.SessionFactoryImpl@69a3c3f6] for TypeConfiguration
2022-11-04 21:20:35 DEBUG      --- [Thread-5] o.h.t.spi.TypeConfiguration$Scope : Un-scoping TypeConfiguration [org.hibernate.type.spi.TypeConfiguration$Scope@3a1b1f2] from SessionFactory [org.hibernate.internal.SessionFactoryImpl@69a3c3f6]
2022-11-04 21:20:35 INFO       --- [Thread-5] com.zaxxer.hikari.HikariDataSource : HikariPool-1 - Shutdown initiated...
2022-11-04 21:20:35 INFO       --- [Thread-5] com.zaxxer.hikari.HikariDataSource : HikariPool-1 - Shutdown completed.
2022-11-04 21:20:35 INFO       --- [restartedMain] c.c.security.SecurityApplication : Starting SecurityApplication using Java 11.0.11 on DESKTOP-QDU68N9 with PID 20328 (C:\Users\cliff\work\workspace-security\security-api\target\classes started by cliff in C:\Users\cliff\work\workspace-security\security-api)
2022-11-04 21:20:35 INFO       --- [restartedMain] c.c.security.SecurityApplication : The following 2 profiles are active: "dev", "ms"
2022-11-04 21:20:36 WARN       --- [restartedMain] o.m.s.mapper.ClassPathMapperScanner : No MyBatis mapper was found in '[com.cldbiz.security]' package. Please check your configuration.
2022-11-04 21:20:36 INFO       --- [restartedMain] o.a.coyote.http11.Http11NioProtocol : Initializing ProtocolHandler ["http-nio-8008"]
2022-11-04 21:20:36 INFO       --- [restartedMain] o.a.catalina.core.StandardService : Starting service [Tomcat]
2022-11-04 21:20:36 INFO       --- [restartedMain] o.a.catalina.core.StandardEngine : Starting Servlet engine: [Apache Tomcat/9.0.65]
2022-11-04 21:20:36 INFO       --- [restartedMain] o.a.c.c.C.[.[localhost].[/security] : Initializing Spring embedded WebApplicationContext
2022-11-04 21:20:36 INFO       --- [restartedMain] com.zaxxer.hikari.HikariDataSource : HikariPool-2 - Starting...
2022-11-04 21:20:36 INFO       --- [restartedMain] com.zaxxer.hikari.HikariDataSource : HikariPool-2 - Start completed.
2022-11-04 21:20:36 INFO       --- [restartedMain] o.h.jpa.internal.util.LogHelper : HHH000204: Processing PersistenceUnitInfo [name: default]
2022-11-04 21:20:36 DEBUG      --- [restartedMain] o.hibernate.type.BasicTypeRegistry : Adding type registration boolean -> org.hibernate.type.BooleanType@59e8aa28
2022-11-04 21:20:36 DEBUG      --- [restartedMain] o.hibernate.type.BasicTypeRegistry : Adding type registration boolean -> org.hibernate.type.BooleanType@59e8aa28
2022-11-04 21:20:36 DEBUG      --- [restartedMain] o.hibernate.type.BasicTypeRegistry : Adding type registration java.lang.Boolean -> org.hibernate.type.BooleanType@59e8aa28
2022-11-04 21:20:36 DEBUG      --- [restartedMain] o.hibernate.type.BasicTypeRegistry : Adding type registration numeric_boolean -> org.hibernate.type.NumericBooleanType@6d995e20
2022-11-04 21:20:36 DEBUG      --- [restartedMain] o.hibernate.type.BasicTypeRegistry : Adding type registration true_false -> org.hibernate.type.TrueFalseType@2e37de95
2022-11-04 21:20:36 DEBUG      --- [restartedMain] o.hibernate.type.BasicTypeRegistry : Adding type registration yes_no -> org.hibernate.type.YesNoType@5f49aa3c
2022-11-04 21:20:36 DEBUG      --- [restartedMain] o.hibernate.type.BasicTypeRegistry : Adding type registration byte -> org.hibernate.type.ByteType@bc7784f
2022-11-04 21:20:36 DEBUG      --- [restartedMain] o.hibernate.type.BasicTypeRegistry : Adding type registration byte -> org.hibernate.type.ByteType@bc7784f
2022-11-04 21:20:36 DEBUG      --- [restartedMain] o.hibernate.type.BasicTypeRegistry : Adding type registration java.lang.Byte -> org.hibernate.type.ByteType@bc7784f
2022-11-04 21:20:36 DEBUG      --- [restartedMain] o.hibernate.type.BasicTypeRegistry : Adding type registration character -> org.hibernate.type.CharacterType@12693265
2022-11-04 21:20:36 DEBUG      --- [restartedMain] o.hibernate.type.BasicTypeRegistry : Adding type registration char -> org.hibernate.type.CharacterType@12693265
2022-11-04 21:20:36 DEBUG      --- [restartedMain] o.hibernate.type.BasicTypeRegistry : Adding type registration java.lang.Character -> org.hibernate.type.CharacterType@12693265
2022-11-04 21:20:36 DEBUG      --- [restartedMain] o.hibernate.type.BasicTypeRegistry : Adding type registration short -> org.hibernate.type.ShortType@2d6867a1
2022-11-04 21:20:36 DEBUG      --- [restartedMain] o.hibernate.type.BasicTypeRegistry : Adding type registration short -> org.hibernate.type.ShortType@2d6867a1
2022-11-04 21:20:36 DEBUG      --- [restartedMain] o.hibernate.type.BasicTypeRegistry : Adding type registration java.lang.Short -> org.hibernate.type.ShortType@2d6867a1
2022-11-04 21:20:36 DEBUG      --- [restartedMain] o.hibernate.type.BasicTypeRegistry : Adding type registration integer -> org.hibernate.type.IntegerType@30bc07ca
2022-11-04 21:20:36 DEBUG      --- [restartedMain] o.hibernate.type.BasicTypeRegistry : Adding type registration int -> org.hibernate.type.IntegerType@30bc07ca
2022-11-04 21:20:36 DEBUG      --- [restartedMain] o.hibernate.type.BasicTypeRegistry : Adding type registration java.lang.Integer -> org.hibernate.type.IntegerType@30bc07ca
2022-11-04 21:20:36 DEBUG      --- [restartedMain] o.hibernate.type.BasicTypeRegistry : Adding type registration long -> org.hibernate.type.LongType@3158b1c3
2022-11-04 21:20:36 DEBUG      --- [restartedMain] o.hibernate.type.BasicTypeRegistry : Adding type registration long -> org.hibernate.type.LongType@3158b1c3
2022-11-04 21:20:36 DEBUG      --- [restartedMain] o.hibernate.type.BasicTypeRegistry : Adding type registration java.lang.Long -> org.hibernate.type.LongType@3158b1c3
2022-11-04 21:20:36 DEBUG      --- [restartedMain] o.hibernate.type.BasicTypeRegistry : Adding type registration float -> org.hibernate.type.FloatType@c7128b1
2022-11-04 21:20:36 DEBUG      --- [restartedMain] o.hibernate.type.BasicTypeRegistry : Adding type registration float -> org.hibernate.type.FloatType@c7128b1
2022-11-04 21:20:36 DEBUG      --- [restartedMain] o.hibernate.type.BasicTypeRegistry : Adding type registration java.lang.Float -> org.hibernate.type.FloatType@c7128b1
2022-11-04 21:20:36 DEBUG      --- [restartedMain] o.hibernate.type.BasicTypeRegistry : Adding type registration double -> org.hibernate.type.DoubleType@4058dfe2
2022-11-04 21:20:36 DEBUG      --- [restartedMain] o.hibernate.type.BasicTypeRegistry : Adding type registration double -> org.hibernate.type.DoubleType@4058dfe2
2022-11-04 21:20:36 DEBUG      --- [restartedMain] o.hibernate.type.BasicTypeRegistry : Adding type registration java.lang.Double -> org.hibernate.type.DoubleType@4058dfe2
2022-11-04 21:20:36 DEBUG      --- [restartedMain] o.hibernate.type.BasicTypeRegistry : Adding type registration big_decimal -> org.hibernate.type.BigDecimalType@6ebd6db4
2022-11-04 21:20:36 DEBUG      --- [restartedMain] o.hibernate.type.BasicTypeRegistry : Adding type registration java.math.BigDecimal -> org.hibernate.type.BigDecimalType@6ebd6db4
2022-11-04 21:20:36 DEBUG      --- [restartedMain] o.hibernate.type.BasicTypeRegistry : Adding type registration big_integer -> org.hibernate.type.BigIntegerType@3219c35a
2022-11-04 21:20:36 DEBUG      --- [restartedMain] o.hibernate.type.BasicTypeRegistry : Adding type registration java.math.BigInteger -> org.hibernate.type.BigIntegerType@3219c35a
2022-11-04 21:20:36 DEBUG      --- [restartedMain] o.hibernate.type.BasicTypeRegistry : Adding type registration string -> org.hibernate.type.StringType@7899e8cc
2022-11-04 21:20:36 DEBUG      --- [restartedMain] o.hibernate.type.BasicTypeRegistry : Adding type registration java.lang.String -> org.hibernate.type.StringType@7899e8cc
2022-11-04 21:20:36 DEBUG      --- [restartedMain] o.hibernate.type.BasicTypeRegistry : Adding type registration nstring -> org.hibernate.type.StringNVarcharType@2a3ea37
2022-11-04 21:20:36 DEBUG      --- [restartedMain] o.hibernate.type.BasicTypeRegistry : Adding type registration ncharacter -> org.hibernate.type.CharacterNCharType@14bc5140
2022-11-04 21:20:36 DEBUG      --- [restartedMain] o.hibernate.type.BasicTypeRegistry : Adding type registration url -> org.hibernate.type.UrlType@19776c0
2022-11-04 21:20:36 DEBUG      --- [restartedMain] o.hibernate.type.BasicTypeRegistry : Adding type registration java.net.URL -> org.hibernate.type.UrlType@19776c0
2022-11-04 21:20:36 DEBUG      --- [restartedMain] o.hibernate.type.BasicTypeRegistry : Adding type registration Duration -> org.hibernate.type.DurationType@b3bcb08
2022-11-04 21:20:36 DEBUG      --- [restartedMain] o.hibernate.type.BasicTypeRegistry : Adding type registration java.time.Duration -> org.hibernate.type.DurationType@b3bcb08
2022-11-04 21:20:36 DEBUG      --- [restartedMain] o.hibernate.type.BasicTypeRegistry : Adding type registration Instant -> org.hibernate.type.InstantType@140d1d3d
2022-11-04 21:20:36 DEBUG      --- [restartedMain] o.hibernate.type.BasicTypeRegistry : Adding type registration java.time.Instant -> org.hibernate.type.InstantType@140d1d3d
2022-11-04 21:20:36 DEBUG      --- [restartedMain] o.hibernate.type.BasicTypeRegistry : Adding type registration LocalDateTime -> org.hibernate.type.LocalDateTimeType@7d8aa563
2022-11-04 21:20:36 DEBUG      --- [restartedMain] o.hibernate.type.BasicTypeRegistry : Adding type registration java.time.LocalDateTime -> org.hibernate.type.LocalDateTimeType@7d8aa563
2022-11-04 21:20:36 DEBUG      --- [restartedMain] o.hibernate.type.BasicTypeRegistry : Adding type registration LocalDate -> org.hibernate.type.LocalDateType@41f7431
2022-11-04 21:20:36 DEBUG      --- [restartedMain] o.hibernate.type.BasicTypeRegistry : Adding type registration java.time.LocalDate -> org.hibernate.type.LocalDateType@41f7431
2022-11-04 21:20:36 DEBUG      --- [restartedMain] o.hibernate.type.BasicTypeRegistry : Adding type registration LocalTime -> org.hibernate.type.LocalTimeType@7579e427
2022-11-04 21:20:36 DEBUG      --- [restartedMain] o.hibernate.type.BasicTypeRegistry : Adding type registration java.time.LocalTime -> org.hibernate.type.LocalTimeType@7579e427
2022-11-04 21:20:36 DEBUG      --- [restartedMain] o.hibernate.type.BasicTypeRegistry : Adding type registration OffsetDateTime -> org.hibernate.type.OffsetDateTimeType@31005586
2022-11-04 21:20:36 DEBUG      --- [restartedMain] o.hibernate.type.BasicTypeRegistry : Adding type registration java.time.OffsetDateTime -> org.hibernate.type.OffsetDateTimeType@31005586
2022-11-04 21:20:36 DEBUG      --- [restartedMain] o.hibernate.type.BasicTypeRegistry : Adding type registration OffsetTime -> org.hibernate.type.OffsetTimeType@2e5a054
2022-11-04 21:20:36 DEBUG      --- [restartedMain] o.hibernate.type.BasicTypeRegistry : Adding type registration java.time.OffsetTime -> org.hibernate.type.OffsetTimeType@2e5a054
2022-11-04 21:20:36 DEBUG      --- [restartedMain] o.hibernate.type.BasicTypeRegistry : Adding type registration ZonedDateTime -> org.hibernate.type.ZonedDateTimeType@38f5b4cd
2022-11-04 21:20:36 DEBUG      --- [restartedMain] o.hibernate.type.BasicTypeRegistry : Adding type registration java.time.ZonedDateTime -> org.hibernate.type.ZonedDateTimeType@38f5b4cd
2022-11-04 21:20:36 DEBUG      --- [restartedMain] o.hibernate.type.BasicTypeRegistry : Adding type registration date -> org.hibernate.type.DateType@762b6c9e
2022-11-04 21:20:36 DEBUG      --- [restartedMain] o.hibernate.type.BasicTypeRegistry : Adding type registration java.sql.Date -> org.hibernate.type.DateType@762b6c9e
2022-11-04 21:20:36 DEBUG      --- [restartedMain] o.hibernate.type.BasicTypeRegistry : Adding type registration time -> org.hibernate.type.TimeType@7cdd4077
2022-11-04 21:20:36 DEBUG      --- [restartedMain] o.hibernate.type.BasicTypeRegistry : Adding type registration java.sql.Time -> org.hibernate.type.TimeType@7cdd4077
2022-11-04 21:20:36 DEBUG      --- [restartedMain] o.hibernate.type.BasicTypeRegistry : Adding type registration timestamp -> org.hibernate.type.TimestampType@35dd1aa5
2022-11-04 21:20:36 DEBUG      --- [restartedMain] o.hibernate.type.BasicTypeRegistry : Adding type registration java.sql.Timestamp -> org.hibernate.type.TimestampType@35dd1aa5
2022-11-04 21:20:36 DEBUG      --- [restartedMain] o.hibernate.type.BasicTypeRegistry : Adding type registration java.util.Date -> org.hibernate.type.TimestampType@35dd1aa5
2022-11-04 21:20:36 DEBUG      --- [restartedMain] o.hibernate.type.BasicTypeRegistry : Adding type registration dbtimestamp -> org.hibernate.type.DbTimestampType@1dbc00ba
2022-11-04 21:20:36 DEBUG      --- [restartedMain] o.hibernate.type.BasicTypeRegistry : Adding type registration calendar -> org.hibernate.type.CalendarType@527383b
2022-11-04 21:20:36 DEBUG      --- [restartedMain] o.hibernate.type.BasicTypeRegistry : Adding type registration java.util.Calendar -> org.hibernate.type.CalendarType@527383b
2022-11-04 21:20:36 DEBUG      --- [restartedMain] o.hibernate.type.BasicTypeRegistry : Adding type registration java.util.GregorianCalendar -> org.hibernate.type.CalendarType@527383b
2022-11-04 21:20:36 DEBUG      --- [restartedMain] o.hibernate.type.BasicTypeRegistry : Adding type registration calendar_date -> org.hibernate.type.CalendarDateType@38a73515
2022-11-04 21:20:36 DEBUG      --- [restartedMain] o.hibernate.type.BasicTypeRegistry : Adding type registration calendar_time -> org.hibernate.type.CalendarTimeType@334732cd
2022-11-04 21:20:36 DEBUG      --- [restartedMain] o.hibernate.type.BasicTypeRegistry : Adding type registration locale -> org.hibernate.type.LocaleType@5db9fafd
2022-11-04 21:20:36 DEBUG      --- [restartedMain] o.hibernate.type.BasicTypeRegistry : Adding type registration java.util.Locale -> org.hibernate.type.LocaleType@5db9fafd
2022-11-04 21:20:36 DEBUG      --- [restartedMain] o.hibernate.type.BasicTypeRegistry : Adding type registration currency -> org.hibernate.type.CurrencyType@5f1b45f
2022-11-04 21:20:36 DEBUG      --- [restartedMain] o.hibernate.type.BasicTypeRegistry : Adding type registration java.util.Currency -> org.hibernate.type.CurrencyType@5f1b45f
2022-11-04 21:20:36 DEBUG      --- [restartedMain] o.hibernate.type.BasicTypeRegistry : Adding type registration timezone -> org.hibernate.type.TimeZoneType@2ade29b8
2022-11-04 21:20:36 DEBUG      --- [restartedMain] o.hibernate.type.BasicTypeRegistry : Adding type registration java.util.TimeZone -> org.hibernate.type.TimeZoneType@2ade29b8
2022-11-04 21:20:36 DEBUG      --- [restartedMain] o.hibernate.type.BasicTypeRegistry : Adding type registration class -> org.hibernate.type.ClassType@53577f29
2022-11-04 21:20:36 DEBUG      --- [restartedMain] o.hibernate.type.BasicTypeRegistry : Adding type registration java.lang.Class -> org.hibernate.type.ClassType@53577f29
2022-11-04 21:20:36 DEBUG      --- [restartedMain] o.hibernate.type.BasicTypeRegistry : Adding type registration uuid-binary -> org.hibernate.type.UUIDBinaryType@2320f4ba
2022-11-04 21:20:36 DEBUG      --- [restartedMain] o.hibernate.type.BasicTypeRegistry : Adding type registration java.util.UUID -> org.hibernate.type.UUIDBinaryType@2320f4ba
2022-11-04 21:20:36 DEBUG      --- [restartedMain] o.hibernate.type.BasicTypeRegistry : Adding type registration uuid-char -> org.hibernate.type.UUIDCharType@4f970615
2022-11-04 21:20:36 DEBUG      --- [restartedMain] o.hibernate.type.BasicTypeRegistry : Adding type registration binary -> org.hibernate.type.BinaryType@2ff6f280
2022-11-04 21:20:36 DEBUG      --- [restartedMain] o.hibernate.type.BasicTypeRegistry : Adding type registration byte[] -> org.hibernate.type.BinaryType@2ff6f280
2022-11-04 21:20:36 DEBUG      --- [restartedMain] o.hibernate.type.BasicTypeRegistry : Adding type registration [B -> org.hibernate.type.BinaryType@2ff6f280
2022-11-04 21:20:36 DEBUG      --- [restartedMain] o.hibernate.type.BasicTypeRegistry : Adding type registration wrapper-binary -> org.hibernate.type.WrapperBinaryType@25c3e605
2022-11-04 21:20:36 DEBUG      --- [restartedMain] o.hibernate.type.BasicTypeRegistry : Adding type registration Byte[] -> org.hibernate.type.WrapperBinaryType@25c3e605
2022-11-04 21:20:36 DEBUG      --- [restartedMain] o.hibernate.type.BasicTypeRegistry : Adding type registration [Ljava.lang.Byte; -> org.hibernate.type.WrapperBinaryType@25c3e605
2022-11-04 21:20:36 DEBUG      --- [restartedMain] o.hibernate.type.BasicTypeRegistry : Adding type registration row_version -> org.hibernate.type.RowVersionType@7b1fc576
2022-11-04 21:20:36 DEBUG      --- [restartedMain] o.hibernate.type.BasicTypeRegistry : Adding type registration image -> org.hibernate.type.ImageType@4b8363cf
2022-11-04 21:20:36 DEBUG      --- [restartedMain] o.hibernate.type.BasicTypeRegistry : Adding type registration characters -> org.hibernate.type.CharArrayType@51f438c9
2022-11-04 21:20:36 DEBUG      --- [restartedMain] o.hibernate.type.BasicTypeRegistry : Adding type registration char[] -> org.hibernate.type.CharArrayType@51f438c9
2022-11-04 21:20:36 DEBUG      --- [restartedMain] o.hibernate.type.BasicTypeRegistry : Adding type registration [C -> org.hibernate.type.CharArrayType@51f438c9
2022-11-04 21:20:36 DEBUG      --- [restartedMain] o.hibernate.type.BasicTypeRegistry : Adding type registration wrapper-characters -> org.hibernate.type.CharacterArrayType@45405d26
2022-11-04 21:20:36 DEBUG      --- [restartedMain] o.hibernate.type.BasicTypeRegistry : Adding type registration [Ljava.lang.Character; -> org.hibernate.type.CharacterArrayType@45405d26
2022-11-04 21:20:36 DEBUG      --- [restartedMain] o.hibernate.type.BasicTypeRegistry : Adding type registration Character[] -> org.hibernate.type.CharacterArrayType@45405d26
2022-11-04 21:20:36 DEBUG      --- [restartedMain] o.hibernate.type.BasicTypeRegistry : Adding type registration text -> org.hibernate.type.TextType@af1c28
2022-11-04 21:20:36 DEBUG      --- [restartedMain] o.hibernate.type.BasicTypeRegistry : Adding type registration ntext -> org.hibernate.type.NTextType@4ad66bb0
2022-11-04 21:20:36 DEBUG      --- [restartedMain] o.hibernate.type.BasicTypeRegistry : Adding type registration blob -> org.hibernate.type.BlobType@3e92c844
2022-11-04 21:20:36 DEBUG      --- [restartedMain] o.hibernate.type.BasicTypeRegistry : Adding type registration java.sql.Blob -> org.hibernate.type.BlobType@3e92c844
2022-11-04 21:20:36 DEBUG      --- [restartedMain] o.hibernate.type.BasicTypeRegistry : Adding type registration materialized_blob -> org.hibernate.type.MaterializedBlobType@1fa5cd8
2022-11-04 21:20:36 DEBUG      --- [restartedMain] o.hibernate.type.BasicTypeRegistry : Adding type registration clob -> org.hibernate.type.ClobType@45b32a9
2022-11-04 21:20:36 DEBUG      --- [restartedMain] o.hibernate.type.BasicTypeRegistry : Adding type registration java.sql.Clob -> org.hibernate.type.ClobType@45b32a9
2022-11-04 21:20:36 DEBUG      --- [restartedMain] o.hibernate.type.BasicTypeRegistry : Adding type registration nclob -> org.hibernate.type.NClobType@2f1db708
2022-11-04 21:20:36 DEBUG      --- [restartedMain] o.hibernate.type.BasicTypeRegistry : Adding type registration java.sql.NClob -> org.hibernate.type.NClobType@2f1db708
2022-11-04 21:20:36 DEBUG      --- [restartedMain] o.hibernate.type.BasicTypeRegistry : Adding type registration materialized_clob -> org.hibernate.type.MaterializedClobType@469b187a
2022-11-04 21:20:36 DEBUG      --- [restartedMain] o.hibernate.type.BasicTypeRegistry : Adding type registration materialized_nclob -> org.hibernate.type.MaterializedNClobType@414fed84
2022-11-04 21:20:36 DEBUG      --- [restartedMain] o.hibernate.type.BasicTypeRegistry : Adding type registration serializable -> org.hibernate.type.SerializableType@2fcf3a1a
2022-11-04 21:20:36 DEBUG      --- [restartedMain] o.hibernate.type.BasicTypeRegistry : Adding type registration object -> org.hibernate.type.ObjectType@246bf361
2022-11-04 21:20:36 DEBUG      --- [restartedMain] o.hibernate.type.BasicTypeRegistry : Adding type registration java.lang.Object -> org.hibernate.type.ObjectType@246bf361
2022-11-04 21:20:36 DEBUG      --- [restartedMain] o.hibernate.type.BasicTypeRegistry : Adding type registration imm_date -> org.hibernate.type.AdaptedImmutableType@6f2fa5f
2022-11-04 21:20:36 DEBUG      --- [restartedMain] o.hibernate.type.BasicTypeRegistry : Adding type registration imm_time -> org.hibernate.type.AdaptedImmutableType@72b34fa2
2022-11-04 21:20:36 DEBUG      --- [restartedMain] o.hibernate.type.BasicTypeRegistry : Adding type registration imm_timestamp -> org.hibernate.type.AdaptedImmutableType@4855ac67
2022-11-04 21:20:36 DEBUG      --- [restartedMain] o.hibernate.type.BasicTypeRegistry : Adding type registration imm_dbtimestamp -> org.hibernate.type.AdaptedImmutableType@6dda0aec
2022-11-04 21:20:36 DEBUG      --- [restartedMain] o.hibernate.type.BasicTypeRegistry : Adding type registration imm_calendar -> org.hibernate.type.AdaptedImmutableType@7c6b250a
2022-11-04 21:20:36 DEBUG      --- [restartedMain] o.hibernate.type.BasicTypeRegistry : Adding type registration imm_calendar_date -> org.hibernate.type.AdaptedImmutableType@14cdab7a
2022-11-04 21:20:36 DEBUG      --- [restartedMain] o.hibernate.type.BasicTypeRegistry : Adding type registration imm_binary -> org.hibernate.type.AdaptedImmutableType@711e1b10
2022-11-04 21:20:36 DEBUG      --- [restartedMain] o.hibernate.type.BasicTypeRegistry : Adding type registration imm_serializable -> org.hibernate.type.AdaptedImmutableType@4c2ef2b5
2022-11-04 21:20:36 INFO       --- [restartedMain] org.hibernate.dialect.Dialect : HHH000400: Using dialect: org.hibernate.dialect.SQLServer2012Dialect
2022-11-04 21:20:36 DEBUG      --- [restartedMain] o.h.t.spi.TypeConfiguration$Scope : Scoping TypeConfiguration [org.hibernate.type.spi.TypeConfiguration@10aabd26] to MetadataBuildingContext [org.hibernate.boot.internal.MetadataBuildingContextRootImpl@7db635d5]
2022-11-04 21:20:36 WARN       --- [restartedMain] org.hibernate.mapping.RootClass : HHH000038: Composite-id class does not override equals(): com.cldbiz.security.domain.AppCodeKey
2022-11-04 21:20:36 WARN       --- [restartedMain] org.hibernate.mapping.RootClass : HHH000039: Composite-id class does not override hashCode(): com.cldbiz.security.domain.AppCodeKey
2022-11-04 21:20:36 DEBUG      --- [restartedMain] o.h.t.spi.TypeConfiguration$Scope : Scoping TypeConfiguration [org.hibernate.type.spi.TypeConfiguration@10aabd26] to SessionFactoryImpl [org.hibernate.internal.SessionFactoryImpl@115987cf]
2022-11-04 21:20:36 INFO       --- [restartedMain] o.h.e.t.j.p.i.JtaPlatformInitiator : HHH000490: Using JtaPlatform implementation: [org.hibernate.engine.transaction.jta.platform.internal.NoJtaPlatform]
2022-11-04 21:20:36 TRACE      --- [restartedMain] o.h.t.spi.TypeConfiguration$Scope : Handling #sessionFactoryCreated from [org.hibernate.internal.SessionFactoryImpl@115987cf] for TypeConfiguration
2022-11-04 21:20:36 INFO       --- [restartedMain] org.owasp.validator.html.Policy : Attempting to load AntiSamy policy from URL: file:/C:/Users/cliff/work/workspace-security/security-api/target/classes/antisamy.xml
2022-11-04 21:20:36 WARN       --- [restartedMain] o.s.b.a.o.j.JpaBaseConfiguration$JpaWebConfiguration : spring.jpa.open-in-view is enabled by default. Therefore, database queries may be performed during view rendering. Explicitly configure spring.jpa.open-in-view to disable this warning
2022-11-04 21:20:37 INFO       --- [restartedMain] o.a.coyote.http11.Http11NioProtocol : Starting ProtocolHandler ["http-nio-8008"]
2022-11-04 21:20:37 INFO       --- [restartedMain] c.c.security.SecurityApplication : Started SecurityApplication in 1.49 seconds (JVM running for 69.028)
2022-11-04 21:20:46 INFO       --- [http-nio-8008-exec-1] o.a.c.c.C.[.[localhost].[/security] : Initializing Spring DispatcherServlet 'dispatcherServlet'
2022-11-04 21:22:07 INFO       --- [http-nio-8008-exec-1] c.c.s.controller.SecurityController : initApp called, this info message will appear in dev and prod profiles
2022-11-04 21:22:07 DEBUG      --- [http-nio-8008-exec-1] c.c.s.controller.SecurityController : initApp called, will appear only in dev profile
2022-11-04 22:47:20 WARN       --- [HikariPool-2 housekeeper] com.zaxxer.hikari.pool.HikariPool : HikariPool-2 - Thread starvation or clock leap detected (housekeeper delta=40m13s198ms916µs900ns).
2022-11-04 23:42:08 DEBUG      --- [http-nio-8008-exec-6] org.hibernate.SQL : 
    select
        usersecuri0_.id as id1_3_,
        usersecuri0_.created_by as created_2_3_,
        usersecuri0_.created_date as created_3_3_,
        usersecuri0_.maintained_by as maintain4_3_,
        usersecuri0_.maintained_date as maintain5_3_,
        usersecuri0_.version as version6_3_,
        usersecuri0_.is_account_non_expired as is_accou7_3_,
        usersecuri0_.is_account_non_locked as is_accou8_3_,
        usersecuri0_.is_credential_non_expired as is_crede9_3_,
        usersecuri0_.is_enabled as is_enab10_3_,
        usersecuri0_.password as passwor11_3_,
        usersecuri0_.user_name as user_na12_3_ 
    from
        user_security usersecuri0_ 
    where
        usersecuri0_.user_name=?
2022-11-04 23:42:08 TRACE      --- [http-nio-8008-exec-6] o.h.type.descriptor.sql.BasicBinder : binding parameter [1] as [VARCHAR] - [<Script>alert('hi');</script>]
2022-11-04 23:42:57 DEBUG      --- [http-nio-8008-exec-7] org.hibernate.SQL : 
    select
        usersecuri0_.id as id1_3_,
        usersecuri0_.created_by as created_2_3_,
        usersecuri0_.created_date as created_3_3_,
        usersecuri0_.maintained_by as maintain4_3_,
        usersecuri0_.maintained_date as maintain5_3_,
        usersecuri0_.version as version6_3_,
        usersecuri0_.is_account_non_expired as is_accou7_3_,
        usersecuri0_.is_account_non_locked as is_accou8_3_,
        usersecuri0_.is_credential_non_expired as is_crede9_3_,
        usersecuri0_.is_enabled as is_enab10_3_,
        usersecuri0_.password as passwor11_3_,
        usersecuri0_.user_name as user_na12_3_ 
    from
        user_security usersecuri0_ 
    where
        usersecuri0_.user_name=?
2022-11-04 23:42:57 TRACE      --- [http-nio-8008-exec-7] o.h.type.descriptor.sql.BasicBinder : binding parameter [1] as [VARCHAR] - [<script>alert('hi');</script>]
2022-11-04 23:43:33 DEBUG      --- [http-nio-8008-exec-8] org.hibernate.SQL : 
    select
        usersecuri0_.id as id1_3_,
        usersecuri0_.created_by as created_2_3_,
        usersecuri0_.created_date as created_3_3_,
        usersecuri0_.maintained_by as maintain4_3_,
        usersecuri0_.maintained_date as maintain5_3_,
        usersecuri0_.version as version6_3_,
        usersecuri0_.is_account_non_expired as is_accou7_3_,
        usersecuri0_.is_account_non_locked as is_accou8_3_,
        usersecuri0_.is_credential_non_expired as is_crede9_3_,
        usersecuri0_.is_enabled as is_enab10_3_,
        usersecuri0_.password as passwor11_3_,
        usersecuri0_.user_name as user_na12_3_ 
    from
        user_security usersecuri0_ 
    where
        usersecuri0_.user_name=?
2022-11-04 23:43:33 TRACE      --- [http-nio-8008-exec-8] o.h.type.descriptor.sql.BasicBinder : binding parameter [1] as [VARCHAR] - [<script>alert('hi');</script>]
2022-11-04 23:45:28 DEBUG      --- [http-nio-8008-exec-10] org.hibernate.SQL : 
    select
        usersecuri0_.id as id1_3_,
        usersecuri0_.created_by as created_2_3_,
        usersecuri0_.created_date as created_3_3_,
        usersecuri0_.maintained_by as maintain4_3_,
        usersecuri0_.maintained_date as maintain5_3_,
        usersecuri0_.version as version6_3_,
        usersecuri0_.is_account_non_expired as is_accou7_3_,
        usersecuri0_.is_account_non_locked as is_accou8_3_,
        usersecuri0_.is_credential_non_expired as is_crede9_3_,
        usersecuri0_.is_enabled as is_enab10_3_,
        usersecuri0_.password as passwor11_3_,
        usersecuri0_.user_name as user_na12_3_ 
    from
        user_security usersecuri0_ 
    where
        usersecuri0_.user_name=?
2022-11-04 23:45:28 TRACE      --- [http-nio-8008-exec-10] o.h.type.descriptor.sql.BasicBinder : binding parameter [1] as [VARCHAR] - [cdunn]
2022-11-04 23:45:35 DEBUG      --- [http-nio-8008-exec-1] org.hibernate.SQL : 
    select
        usersecuri0_.id as id1_3_,
        usersecuri0_.created_by as created_2_3_,
        usersecuri0_.created_date as created_3_3_,
        usersecuri0_.maintained_by as maintain4_3_,
        usersecuri0_.maintained_date as maintain5_3_,
        usersecuri0_.version as version6_3_,
        usersecuri0_.is_account_non_expired as is_accou7_3_,
        usersecuri0_.is_account_non_locked as is_accou8_3_,
        usersecuri0_.is_credential_non_expired as is_crede9_3_,
        usersecuri0_.is_enabled as is_enab10_3_,
        usersecuri0_.password as passwor11_3_,
        usersecuri0_.user_name as user_na12_3_ 
    from
        user_security usersecuri0_ 
    where
        usersecuri0_.user_name=?
2022-11-04 23:45:35 TRACE      --- [http-nio-8008-exec-1] o.h.type.descriptor.sql.BasicBinder : binding parameter [1] as [VARCHAR] - [cldunn]
2022-11-04 23:45:35 TRACE      --- [http-nio-8008-exec-1] o.h.t.descriptor.sql.BasicExtractor : extracted value ([id1_3_] : [BIGINT]) - [5]
2022-11-04 23:45:35 TRACE      --- [http-nio-8008-exec-1] o.h.t.descriptor.sql.BasicExtractor : extracted value ([created_2_3_] : [VARCHAR]) - [sysGen]
2022-11-04 23:45:35 TRACE      --- [http-nio-8008-exec-1] o.h.t.descriptor.sql.BasicExtractor : extracted value ([created_3_3_] : [TIMESTAMP]) - [2022-09-05T15:42:34.800-05:00[America/Chicago]]
2022-11-04 23:45:35 TRACE      --- [http-nio-8008-exec-1] o.h.t.descriptor.sql.BasicExtractor : extracted value ([maintain4_3_] : [VARCHAR]) - [null]
2022-11-04 23:45:35 TRACE      --- [http-nio-8008-exec-1] o.h.t.descriptor.sql.BasicExtractor : extracted value ([maintain5_3_] : [TIMESTAMP]) - [null]
2022-11-04 23:45:35 TRACE      --- [http-nio-8008-exec-1] o.h.t.descriptor.sql.BasicExtractor : extracted value ([version6_3_] : [BIGINT]) - [0]
2022-11-04 23:45:35 TRACE      --- [http-nio-8008-exec-1] o.h.t.descriptor.sql.BasicExtractor : extracted value ([is_accou7_3_] : [BOOLEAN]) - [true]
2022-11-04 23:45:35 TRACE      --- [http-nio-8008-exec-1] o.h.t.descriptor.sql.BasicExtractor : extracted value ([is_accou8_3_] : [BOOLEAN]) - [true]
2022-11-04 23:45:35 TRACE      --- [http-nio-8008-exec-1] o.h.t.descriptor.sql.BasicExtractor : extracted value ([is_crede9_3_] : [BOOLEAN]) - [true]
2022-11-04 23:45:35 TRACE      --- [http-nio-8008-exec-1] o.h.t.descriptor.sql.BasicExtractor : extracted value ([is_enab10_3_] : [BOOLEAN]) - [true]
2022-11-04 23:45:35 TRACE      --- [http-nio-8008-exec-1] o.h.t.descriptor.sql.BasicExtractor : extracted value ([passwor11_3_] : [VARCHAR]) - [{argon2}$argon2i$v=19$m=16,t=2,p=1$MTIzNDU2Nzg$rGo9AoPOkA1P3ydPXvdoCg]
2022-11-04 23:45:35 TRACE      --- [http-nio-8008-exec-1] o.h.t.descriptor.sql.BasicExtractor : extracted value ([user_na12_3_] : [VARCHAR]) - [cldunn]
2022-11-04 23:45:35 TRACE      --- [http-nio-8008-exec-1] org.hibernate.type.CollectionType : Created collection wrapper: [com.cldbiz.security.domain.UserSecurity.authorities#5]
2022-11-04 23:45:35 DEBUG      --- [http-nio-8008-exec-1] org.hibernate.SQL : 
    select
        authoritie0_.secure_user_id as secure_u1_2_0_,
        authoritie0_.granted_authority_id as granted_2_2_0_,
        grantedaut1_.id as id1_1_1_,
        grantedaut1_.created_by as created_2_1_1_,
        grantedaut1_.created_date as created_3_1_1_,
        grantedaut1_.maintained_by as maintain4_1_1_,
        grantedaut1_.maintained_date as maintain5_1_1_,
        grantedaut1_.version as version6_1_1_,
        grantedaut1_.authority as authorit7_1_1_ 
    from
        user_authorities authoritie0_ 
    inner join
        granted_authority grantedaut1_ 
            on authoritie0_.granted_authority_id=grantedaut1_.id 
    where
        authoritie0_.secure_user_id=?
2022-11-04 23:45:35 TRACE      --- [http-nio-8008-exec-1] o.h.type.descriptor.sql.BasicBinder : binding parameter [1] as [BIGINT] - [5]
2022-11-04 23:45:35 TRACE      --- [http-nio-8008-exec-1] o.h.t.descriptor.sql.BasicExtractor : extracted value ([id1_1_1_] : [BIGINT]) - [9]
2022-11-04 23:45:35 TRACE      --- [http-nio-8008-exec-1] o.h.t.descriptor.sql.BasicExtractor : extracted value ([created_2_1_1_] : [VARCHAR]) - [sysGen]
2022-11-04 23:45:35 TRACE      --- [http-nio-8008-exec-1] o.h.t.descriptor.sql.BasicExtractor : extracted value ([created_3_1_1_] : [TIMESTAMP]) - [2022-09-05T15:42:27.243333300-05:00[America/Chicago]]
2022-11-04 23:45:35 TRACE      --- [http-nio-8008-exec-1] o.h.t.descriptor.sql.BasicExtractor : extracted value ([maintain4_1_1_] : [VARCHAR]) - [null]
2022-11-04 23:45:35 TRACE      --- [http-nio-8008-exec-1] o.h.t.descriptor.sql.BasicExtractor : extracted value ([maintain5_1_1_] : [TIMESTAMP]) - [null]
2022-11-04 23:45:35 TRACE      --- [http-nio-8008-exec-1] o.h.t.descriptor.sql.BasicExtractor : extracted value ([version6_1_1_] : [BIGINT]) - [0]
2022-11-04 23:45:35 TRACE      --- [http-nio-8008-exec-1] o.h.t.descriptor.sql.BasicExtractor : extracted value ([authorit7_1_1_] : [VARCHAR]) - [view]
2022-11-04 23:45:35 TRACE      --- [http-nio-8008-exec-1] o.h.t.descriptor.sql.BasicExtractor : extracted value ([secure_u1_2_0_] : [BIGINT]) - [5]
2022-11-04 23:45:35 TRACE      --- [http-nio-8008-exec-1] o.h.t.descriptor.sql.BasicExtractor : extracted value ([granted_2_2_0_] : [BIGINT]) - [9]
2022-11-04 23:45:35 TRACE      --- [http-nio-8008-exec-1] o.h.t.descriptor.sql.BasicExtractor : extracted value ([id1_1_1_] : [BIGINT]) - [10]
2022-11-04 23:45:35 TRACE      --- [http-nio-8008-exec-1] o.h.t.descriptor.sql.BasicExtractor : extracted value ([created_2_1_1_] : [VARCHAR]) - [sysGen]
2022-11-04 23:45:35 TRACE      --- [http-nio-8008-exec-1] o.h.t.descriptor.sql.BasicExtractor : extracted value ([created_3_1_1_] : [TIMESTAMP]) - [2022-09-05T15:42:27.243333300-05:00[America/Chicago]]
2022-11-04 23:45:35 TRACE      --- [http-nio-8008-exec-1] o.h.t.descriptor.sql.BasicExtractor : extracted value ([maintain4_1_1_] : [VARCHAR]) - [null]
2022-11-04 23:45:35 TRACE      --- [http-nio-8008-exec-1] o.h.t.descriptor.sql.BasicExtractor : extracted value ([maintain5_1_1_] : [TIMESTAMP]) - [null]
2022-11-04 23:45:35 TRACE      --- [http-nio-8008-exec-1] o.h.t.descriptor.sql.BasicExtractor : extracted value ([version6_1_1_] : [BIGINT]) - [0]
2022-11-04 23:45:35 TRACE      --- [http-nio-8008-exec-1] o.h.t.descriptor.sql.BasicExtractor : extracted value ([authorit7_1_1_] : [VARCHAR]) - [create]
2022-11-04 23:45:35 TRACE      --- [http-nio-8008-exec-1] o.h.t.descriptor.sql.BasicExtractor : extracted value ([secure_u1_2_0_] : [BIGINT]) - [5]
2022-11-04 23:45:35 TRACE      --- [http-nio-8008-exec-1] o.h.t.descriptor.sql.BasicExtractor : extracted value ([granted_2_2_0_] : [BIGINT]) - [10]
2022-11-04 23:45:35 TRACE      --- [http-nio-8008-exec-1] o.h.t.descriptor.sql.BasicExtractor : extracted value ([id1_1_1_] : [BIGINT]) - [11]
2022-11-04 23:45:35 TRACE      --- [http-nio-8008-exec-1] o.h.t.descriptor.sql.BasicExtractor : extracted value ([created_2_1_1_] : [VARCHAR]) - [sysGen]
2022-11-04 23:45:35 TRACE      --- [http-nio-8008-exec-1] o.h.t.descriptor.sql.BasicExtractor : extracted value ([created_3_1_1_] : [TIMESTAMP]) - [2022-09-05T15:42:27.243333300-05:00[America/Chicago]]
2022-11-04 23:45:35 TRACE      --- [http-nio-8008-exec-1] o.h.t.descriptor.sql.BasicExtractor : extracted value ([maintain4_1_1_] : [VARCHAR]) - [null]
2022-11-04 23:45:35 TRACE      --- [http-nio-8008-exec-1] o.h.t.descriptor.sql.BasicExtractor : extracted value ([maintain5_1_1_] : [TIMESTAMP]) - [null]
2022-11-04 23:45:35 TRACE      --- [http-nio-8008-exec-1] o.h.t.descriptor.sql.BasicExtractor : extracted value ([version6_1_1_] : [BIGINT]) - [0]
2022-11-04 23:45:35 TRACE      --- [http-nio-8008-exec-1] o.h.t.descriptor.sql.BasicExtractor : extracted value ([authorit7_1_1_] : [VARCHAR]) - [update]
2022-11-04 23:45:35 TRACE      --- [http-nio-8008-exec-1] o.h.t.descriptor.sql.BasicExtractor : extracted value ([secure_u1_2_0_] : [BIGINT]) - [5]
2022-11-04 23:45:35 TRACE      --- [http-nio-8008-exec-1] o.h.t.descriptor.sql.BasicExtractor : extracted value ([granted_2_2_0_] : [BIGINT]) - [11]
2022-11-04 23:45:35 TRACE      --- [http-nio-8008-exec-1] o.h.t.descriptor.sql.BasicExtractor : extracted value ([id1_1_1_] : [BIGINT]) - [12]
2022-11-04 23:45:35 TRACE      --- [http-nio-8008-exec-1] o.h.t.descriptor.sql.BasicExtractor : extracted value ([created_2_1_1_] : [VARCHAR]) - [sysGen]
2022-11-04 23:45:35 TRACE      --- [http-nio-8008-exec-1] o.h.t.descriptor.sql.BasicExtractor : extracted value ([created_3_1_1_] : [TIMESTAMP]) - [2022-09-05T15:42:27.243333300-05:00[America/Chicago]]
2022-11-04 23:45:35 TRACE      --- [http-nio-8008-exec-1] o.h.t.descriptor.sql.BasicExtractor : extracted value ([maintain4_1_1_] : [VARCHAR]) - [null]
2022-11-04 23:45:35 TRACE      --- [http-nio-8008-exec-1] o.h.t.descriptor.sql.BasicExtractor : extracted value ([maintain5_1_1_] : [TIMESTAMP]) - [null]
2022-11-04 23:45:35 TRACE      --- [http-nio-8008-exec-1] o.h.t.descriptor.sql.BasicExtractor : extracted value ([version6_1_1_] : [BIGINT]) - [0]
2022-11-04 23:45:35 TRACE      --- [http-nio-8008-exec-1] o.h.t.descriptor.sql.BasicExtractor : extracted value ([authorit7_1_1_] : [VARCHAR]) - [delete]
2022-11-04 23:45:35 TRACE      --- [http-nio-8008-exec-1] o.h.t.descriptor.sql.BasicExtractor : extracted value ([secure_u1_2_0_] : [BIGINT]) - [5]
2022-11-04 23:45:35 TRACE      --- [http-nio-8008-exec-1] o.h.t.descriptor.sql.BasicExtractor : extracted value ([granted_2_2_0_] : [BIGINT]) - [12]
2022-11-04 23:45:35 WARN       --- [http-nio-8008-exec-1] o.a.c.util.SessionIdGeneratorBase : Creation of SecureRandom instance for session ID generation using [SHA1PRNG] took [144] milliseconds.
2022-11-04 23:46:58 WARN       --- [http-nio-8008-exec-9] o.s.w.s.m.m.a.ExceptionHandlerExceptionResolver : Resolved [java.lang.RuntimeException: com.cldbiz.security.exception.ApplicationException: java.lang.RuntimeException]
2022-11-04 23:49:36 WARN       --- [http-nio-8008-exec-10] o.s.w.s.m.m.a.ExceptionHandlerExceptionResolver : Resolved [java.lang.RuntimeException: com.cldbiz.security.exception.ApplicationException: java.lang.RuntimeException]
2022-11-04 23:51:20 WARN       --- [http-nio-8008-exec-2] o.s.w.s.m.m.a.ExceptionHandlerExceptionResolver : Resolved [java.lang.RuntimeException: com.cldbiz.security.exception.ApplicationException: java.lang.RuntimeException]
2022-11-04 23:52:52 WARN       --- [http-nio-8008-exec-3] o.s.w.s.m.m.a.ExceptionHandlerExceptionResolver : Resolved [java.lang.RuntimeException: com.cldbiz.security.exception.ApplicationException: java.lang.RuntimeException]
2022-11-04 23:57:16 WARN       --- [http-nio-8008-exec-4] o.s.w.s.m.m.a.ExceptionHandlerExceptionResolver : Resolved [java.lang.RuntimeException: com.cldbiz.security.exception.ApplicationException: java.lang.RuntimeException]
2022-11-04 23:59:43 WARN       --- [http-nio-8008-exec-5] o.s.w.s.m.m.a.ExceptionHandlerExceptionResolver : Resolved [java.lang.RuntimeException: com.cldbiz.security.exception.ApplicationException: java.lang.RuntimeException]
2022-11-04 23:59:52 TRACE      --- [Thread-7] o.h.t.spi.TypeConfiguration$Scope : Handling #sessionFactoryClosed from [org.hibernate.internal.SessionFactoryImpl@115987cf] for TypeConfiguration
2022-11-04 23:59:52 DEBUG      --- [Thread-7] o.h.t.spi.TypeConfiguration$Scope : Un-scoping TypeConfiguration [org.hibernate.type.spi.TypeConfiguration$Scope@304fb62b] from SessionFactory [org.hibernate.internal.SessionFactoryImpl@115987cf]
2022-11-04 23:59:52 INFO       --- [Thread-7] com.zaxxer.hikari.HikariDataSource : HikariPool-2 - Shutdown initiated...
2022-11-04 23:59:52 INFO       --- [Thread-7] com.zaxxer.hikari.HikariDataSource : HikariPool-2 - Shutdown completed.
2022-11-04 23:59:52 INFO       --- [restartedMain] c.c.security.SecurityApplication : Starting SecurityApplication using Java 11.0.11 on DESKTOP-QDU68N9 with PID 20328 (C:\Users\cliff\work\workspace-security\security-api\target\classes started by cliff in C:\Users\cliff\work\workspace-security\security-api)
2022-11-04 23:59:52 INFO       --- [restartedMain] c.c.security.SecurityApplication : The following 2 profiles are active: "dev", "ms"
2022-11-04 23:59:55 WARN       --- [restartedMain] o.m.s.mapper.ClassPathMapperScanner : No MyBatis mapper was found in '[com.cldbiz.security]' package. Please check your configuration.
2022-11-04 23:59:55 INFO       --- [restartedMain] o.a.coyote.http11.Http11NioProtocol : Initializing ProtocolHandler ["http-nio-8008"]
2022-11-04 23:59:55 INFO       --- [restartedMain] o.a.catalina.core.StandardService : Starting service [Tomcat]
2022-11-04 23:59:55 INFO       --- [restartedMain] o.a.catalina.core.StandardEngine : Starting Servlet engine: [Apache Tomcat/9.0.65]
2022-11-04 23:59:55 INFO       --- [restartedMain] o.a.c.c.C.[.[localhost].[/security] : Initializing Spring embedded WebApplicationContext
2022-11-04 23:59:55 INFO       --- [restartedMain] com.zaxxer.hikari.HikariDataSource : HikariPool-3 - Starting...
2022-11-04 23:59:55 INFO       --- [restartedMain] com.zaxxer.hikari.HikariDataSource : HikariPool-3 - Start completed.
2022-11-04 23:59:55 INFO       --- [restartedMain] o.h.jpa.internal.util.LogHelper : HHH000204: Processing PersistenceUnitInfo [name: default]
2022-11-04 23:59:55 DEBUG      --- [restartedMain] o.hibernate.type.BasicTypeRegistry : Adding type registration boolean -> org.hibernate.type.BooleanType@59e8aa28
2022-11-04 23:59:55 DEBUG      --- [restartedMain] o.hibernate.type.BasicTypeRegistry : Adding type registration boolean -> org.hibernate.type.BooleanType@59e8aa28
2022-11-04 23:59:55 DEBUG      --- [restartedMain] o.hibernate.type.BasicTypeRegistry : Adding type registration java.lang.Boolean -> org.hibernate.type.BooleanType@59e8aa28
2022-11-04 23:59:55 DEBUG      --- [restartedMain] o.hibernate.type.BasicTypeRegistry : Adding type registration numeric_boolean -> org.hibernate.type.NumericBooleanType@6d995e20
2022-11-04 23:59:55 DEBUG      --- [restartedMain] o.hibernate.type.BasicTypeRegistry : Adding type registration true_false -> org.hibernate.type.TrueFalseType@2e37de95
2022-11-04 23:59:55 DEBUG      --- [restartedMain] o.hibernate.type.BasicTypeRegistry : Adding type registration yes_no -> org.hibernate.type.YesNoType@5f49aa3c
2022-11-04 23:59:55 DEBUG      --- [restartedMain] o.hibernate.type.BasicTypeRegistry : Adding type registration byte -> org.hibernate.type.ByteType@bc7784f
2022-11-04 23:59:55 DEBUG      --- [restartedMain] o.hibernate.type.BasicTypeRegistry : Adding type registration byte -> org.hibernate.type.ByteType@bc7784f
2022-11-04 23:59:55 DEBUG      --- [restartedMain] o.hibernate.type.BasicTypeRegistry : Adding type registration java.lang.Byte -> org.hibernate.type.ByteType@bc7784f
2022-11-04 23:59:55 DEBUG      --- [restartedMain] o.hibernate.type.BasicTypeRegistry : Adding type registration character -> org.hibernate.type.CharacterType@12693265
2022-11-04 23:59:55 DEBUG      --- [restartedMain] o.hibernate.type.BasicTypeRegistry : Adding type registration char -> org.hibernate.type.CharacterType@12693265
2022-11-04 23:59:55 DEBUG      --- [restartedMain] o.hibernate.type.BasicTypeRegistry : Adding type registration java.lang.Character -> org.hibernate.type.CharacterType@12693265
2022-11-04 23:59:55 DEBUG      --- [restartedMain] o.hibernate.type.BasicTypeRegistry : Adding type registration short -> org.hibernate.type.ShortType@2d6867a1
2022-11-04 23:59:55 DEBUG      --- [restartedMain] o.hibernate.type.BasicTypeRegistry : Adding type registration short -> org.hibernate.type.ShortType@2d6867a1
2022-11-04 23:59:55 DEBUG      --- [restartedMain] o.hibernate.type.BasicTypeRegistry : Adding type registration java.lang.Short -> org.hibernate.type.ShortType@2d6867a1
2022-11-04 23:59:55 DEBUG      --- [restartedMain] o.hibernate.type.BasicTypeRegistry : Adding type registration integer -> org.hibernate.type.IntegerType@30bc07ca
2022-11-04 23:59:55 DEBUG      --- [restartedMain] o.hibernate.type.BasicTypeRegistry : Adding type registration int -> org.hibernate.type.IntegerType@30bc07ca
2022-11-04 23:59:55 DEBUG      --- [restartedMain] o.hibernate.type.BasicTypeRegistry : Adding type registration java.lang.Integer -> org.hibernate.type.IntegerType@30bc07ca
2022-11-04 23:59:55 DEBUG      --- [restartedMain] o.hibernate.type.BasicTypeRegistry : Adding type registration long -> org.hibernate.type.LongType@3158b1c3
2022-11-04 23:59:55 DEBUG      --- [restartedMain] o.hibernate.type.BasicTypeRegistry : Adding type registration long -> org.hibernate.type.LongType@3158b1c3
2022-11-04 23:59:55 DEBUG      --- [restartedMain] o.hibernate.type.BasicTypeRegistry : Adding type registration java.lang.Long -> org.hibernate.type.LongType@3158b1c3
2022-11-04 23:59:55 DEBUG      --- [restartedMain] o.hibernate.type.BasicTypeRegistry : Adding type registration float -> org.hibernate.type.FloatType@c7128b1
2022-11-04 23:59:55 DEBUG      --- [restartedMain] o.hibernate.type.BasicTypeRegistry : Adding type registration float -> org.hibernate.type.FloatType@c7128b1
2022-11-04 23:59:55 DEBUG      --- [restartedMain] o.hibernate.type.BasicTypeRegistry : Adding type registration java.lang.Float -> org.hibernate.type.FloatType@c7128b1
2022-11-04 23:59:55 DEBUG      --- [restartedMain] o.hibernate.type.BasicTypeRegistry : Adding type registration double -> org.hibernate.type.DoubleType@4058dfe2
2022-11-04 23:59:55 DEBUG      --- [restartedMain] o.hibernate.type.BasicTypeRegistry : Adding type registration double -> org.hibernate.type.DoubleType@4058dfe2
2022-11-04 23:59:55 DEBUG      --- [restartedMain] o.hibernate.type.BasicTypeRegistry : Adding type registration java.lang.Double -> org.hibernate.type.DoubleType@4058dfe2
2022-11-04 23:59:55 DEBUG      --- [restartedMain] o.hibernate.type.BasicTypeRegistry : Adding type registration big_decimal -> org.hibernate.type.BigDecimalType@6ebd6db4
2022-11-04 23:59:55 DEBUG      --- [restartedMain] o.hibernate.type.BasicTypeRegistry : Adding type registration java.math.BigDecimal -> org.hibernate.type.BigDecimalType@6ebd6db4
2022-11-04 23:59:55 DEBUG      --- [restartedMain] o.hibernate.type.BasicTypeRegistry : Adding type registration big_integer -> org.hibernate.type.BigIntegerType@3219c35a
2022-11-04 23:59:55 DEBUG      --- [restartedMain] o.hibernate.type.BasicTypeRegistry : Adding type registration java.math.BigInteger -> org.hibernate.type.BigIntegerType@3219c35a
2022-11-04 23:59:55 DEBUG      --- [restartedMain] o.hibernate.type.BasicTypeRegistry : Adding type registration string -> org.hibernate.type.StringType@7899e8cc
2022-11-04 23:59:55 DEBUG      --- [restartedMain] o.hibernate.type.BasicTypeRegistry : Adding type registration java.lang.String -> org.hibernate.type.StringType@7899e8cc
2022-11-04 23:59:55 DEBUG      --- [restartedMain] o.hibernate.type.BasicTypeRegistry : Adding type registration nstring -> org.hibernate.type.StringNVarcharType@2a3ea37
2022-11-04 23:59:55 DEBUG      --- [restartedMain] o.hibernate.type.BasicTypeRegistry : Adding type registration ncharacter -> org.hibernate.type.CharacterNCharType@14bc5140
2022-11-04 23:59:55 DEBUG      --- [restartedMain] o.hibernate.type.BasicTypeRegistry : Adding type registration url -> org.hibernate.type.UrlType@19776c0
2022-11-04 23:59:55 DEBUG      --- [restartedMain] o.hibernate.type.BasicTypeRegistry : Adding type registration java.net.URL -> org.hibernate.type.UrlType@19776c0
2022-11-04 23:59:55 DEBUG      --- [restartedMain] o.hibernate.type.BasicTypeRegistry : Adding type registration Duration -> org.hibernate.type.DurationType@b3bcb08
2022-11-04 23:59:55 DEBUG      --- [restartedMain] o.hibernate.type.BasicTypeRegistry : Adding type registration java.time.Duration -> org.hibernate.type.DurationType@b3bcb08
2022-11-04 23:59:55 DEBUG      --- [restartedMain] o.hibernate.type.BasicTypeRegistry : Adding type registration Instant -> org.hibernate.type.InstantType@140d1d3d
2022-11-04 23:59:55 DEBUG      --- [restartedMain] o.hibernate.type.BasicTypeRegistry : Adding type registration java.time.Instant -> org.hibernate.type.InstantType@140d1d3d
2022-11-04 23:59:55 DEBUG      --- [restartedMain] o.hibernate.type.BasicTypeRegistry : Adding type registration LocalDateTime -> org.hibernate.type.LocalDateTimeType@7d8aa563
2022-11-04 23:59:55 DEBUG      --- [restartedMain] o.hibernate.type.BasicTypeRegistry : Adding type registration java.time.LocalDateTime -> org.hibernate.type.LocalDateTimeType@7d8aa563
2022-11-04 23:59:55 DEBUG      --- [restartedMain] o.hibernate.type.BasicTypeRegistry : Adding type registration LocalDate -> org.hibernate.type.LocalDateType@41f7431
2022-11-04 23:59:55 DEBUG      --- [restartedMain] o.hibernate.type.BasicTypeRegistry : Adding type registration java.time.LocalDate -> org.hibernate.type.LocalDateType@41f7431
2022-11-04 23:59:55 DEBUG      --- [restartedMain] o.hibernate.type.BasicTypeRegistry : Adding type registration LocalTime -> org.hibernate.type.LocalTimeType@7579e427
2022-11-04 23:59:55 DEBUG      --- [restartedMain] o.hibernate.type.BasicTypeRegistry : Adding type registration java.time.LocalTime -> org.hibernate.type.LocalTimeType@7579e427
2022-11-04 23:59:55 DEBUG      --- [restartedMain] o.hibernate.type.BasicTypeRegistry : Adding type registration OffsetDateTime -> org.hibernate.type.OffsetDateTimeType@31005586
2022-11-04 23:59:55 DEBUG      --- [restartedMain] o.hibernate.type.BasicTypeRegistry : Adding type registration java.time.OffsetDateTime -> org.hibernate.type.OffsetDateTimeType@31005586
2022-11-04 23:59:55 DEBUG      --- [restartedMain] o.hibernate.type.BasicTypeRegistry : Adding type registration OffsetTime -> org.hibernate.type.OffsetTimeType@2e5a054
2022-11-04 23:59:55 DEBUG      --- [restartedMain] o.hibernate.type.BasicTypeRegistry : Adding type registration java.time.OffsetTime -> org.hibernate.type.OffsetTimeType@2e5a054
2022-11-04 23:59:55 DEBUG      --- [restartedMain] o.hibernate.type.BasicTypeRegistry : Adding type registration ZonedDateTime -> org.hibernate.type.ZonedDateTimeType@38f5b4cd
2022-11-04 23:59:55 DEBUG      --- [restartedMain] o.hibernate.type.BasicTypeRegistry : Adding type registration java.time.ZonedDateTime -> org.hibernate.type.ZonedDateTimeType@38f5b4cd
2022-11-04 23:59:55 DEBUG      --- [restartedMain] o.hibernate.type.BasicTypeRegistry : Adding type registration date -> org.hibernate.type.DateType@762b6c9e
2022-11-04 23:59:55 DEBUG      --- [restartedMain] o.hibernate.type.BasicTypeRegistry : Adding type registration java.sql.Date -> org.hibernate.type.DateType@762b6c9e
2022-11-04 23:59:55 DEBUG      --- [restartedMain] o.hibernate.type.BasicTypeRegistry : Adding type registration time -> org.hibernate.type.TimeType@7cdd4077
2022-11-04 23:59:55 DEBUG      --- [restartedMain] o.hibernate.type.BasicTypeRegistry : Adding type registration java.sql.Time -> org.hibernate.type.TimeType@7cdd4077
2022-11-04 23:59:55 DEBUG      --- [restartedMain] o.hibernate.type.BasicTypeRegistry : Adding type registration timestamp -> org.hibernate.type.TimestampType@35dd1aa5
2022-11-04 23:59:55 DEBUG      --- [restartedMain] o.hibernate.type.BasicTypeRegistry : Adding type registration java.sql.Timestamp -> org.hibernate.type.TimestampType@35dd1aa5
2022-11-04 23:59:55 DEBUG      --- [restartedMain] o.hibernate.type.BasicTypeRegistry : Adding type registration java.util.Date -> org.hibernate.type.TimestampType@35dd1aa5
2022-11-04 23:59:55 DEBUG      --- [restartedMain] o.hibernate.type.BasicTypeRegistry : Adding type registration dbtimestamp -> org.hibernate.type.DbTimestampType@1dbc00ba
2022-11-04 23:59:55 DEBUG      --- [restartedMain] o.hibernate.type.BasicTypeRegistry : Adding type registration calendar -> org.hibernate.type.CalendarType@527383b
2022-11-04 23:59:55 DEBUG      --- [restartedMain] o.hibernate.type.BasicTypeRegistry : Adding type registration java.util.Calendar -> org.hibernate.type.CalendarType@527383b
2022-11-04 23:59:55 DEBUG      --- [restartedMain] o.hibernate.type.BasicTypeRegistry : Adding type registration java.util.GregorianCalendar -> org.hibernate.type.CalendarType@527383b
2022-11-04 23:59:55 DEBUG      --- [restartedMain] o.hibernate.type.BasicTypeRegistry : Adding type registration calendar_date -> org.hibernate.type.CalendarDateType@38a73515
2022-11-04 23:59:55 DEBUG      --- [restartedMain] o.hibernate.type.BasicTypeRegistry : Adding type registration calendar_time -> org.hibernate.type.CalendarTimeType@334732cd
2022-11-04 23:59:55 DEBUG      --- [restartedMain] o.hibernate.type.BasicTypeRegistry : Adding type registration locale -> org.hibernate.type.LocaleType@5db9fafd
2022-11-04 23:59:55 DEBUG      --- [restartedMain] o.hibernate.type.BasicTypeRegistry : Adding type registration java.util.Locale -> org.hibernate.type.LocaleType@5db9fafd
2022-11-04 23:59:55 DEBUG      --- [restartedMain] o.hibernate.type.BasicTypeRegistry : Adding type registration currency -> org.hibernate.type.CurrencyType@5f1b45f
2022-11-04 23:59:55 DEBUG      --- [restartedMain] o.hibernate.type.BasicTypeRegistry : Adding type registration java.util.Currency -> org.hibernate.type.CurrencyType@5f1b45f
2022-11-04 23:59:55 DEBUG      --- [restartedMain] o.hibernate.type.BasicTypeRegistry : Adding type registration timezone -> org.hibernate.type.TimeZoneType@2ade29b8
2022-11-04 23:59:55 DEBUG      --- [restartedMain] o.hibernate.type.BasicTypeRegistry : Adding type registration java.util.TimeZone -> org.hibernate.type.TimeZoneType@2ade29b8
2022-11-04 23:59:55 DEBUG      --- [restartedMain] o.hibernate.type.BasicTypeRegistry : Adding type registration class -> org.hibernate.type.ClassType@53577f29
2022-11-04 23:59:55 DEBUG      --- [restartedMain] o.hibernate.type.BasicTypeRegistry : Adding type registration java.lang.Class -> org.hibernate.type.ClassType@53577f29
2022-11-04 23:59:55 DEBUG      --- [restartedMain] o.hibernate.type.BasicTypeRegistry : Adding type registration uuid-binary -> org.hibernate.type.UUIDBinaryType@2320f4ba
2022-11-04 23:59:55 DEBUG      --- [restartedMain] o.hibernate.type.BasicTypeRegistry : Adding type registration java.util.UUID -> org.hibernate.type.UUIDBinaryType@2320f4ba
2022-11-04 23:59:55 DEBUG      --- [restartedMain] o.hibernate.type.BasicTypeRegistry : Adding type registration uuid-char -> org.hibernate.type.UUIDCharType@4f970615
2022-11-04 23:59:55 DEBUG      --- [restartedMain] o.hibernate.type.BasicTypeRegistry : Adding type registration binary -> org.hibernate.type.BinaryType@2ff6f280
2022-11-04 23:59:55 DEBUG      --- [restartedMain] o.hibernate.type.BasicTypeRegistry : Adding type registration byte[] -> org.hibernate.type.BinaryType@2ff6f280
2022-11-04 23:59:55 DEBUG      --- [restartedMain] o.hibernate.type.BasicTypeRegistry : Adding type registration [B -> org.hibernate.type.BinaryType@2ff6f280
2022-11-04 23:59:55 DEBUG      --- [restartedMain] o.hibernate.type.BasicTypeRegistry : Adding type registration wrapper-binary -> org.hibernate.type.WrapperBinaryType@25c3e605
2022-11-04 23:59:55 DEBUG      --- [restartedMain] o.hibernate.type.BasicTypeRegistry : Adding type registration Byte[] -> org.hibernate.type.WrapperBinaryType@25c3e605
2022-11-04 23:59:55 DEBUG      --- [restartedMain] o.hibernate.type.BasicTypeRegistry : Adding type registration [Ljava.lang.Byte; -> org.hibernate.type.WrapperBinaryType@25c3e605
2022-11-04 23:59:55 DEBUG      --- [restartedMain] o.hibernate.type.BasicTypeRegistry : Adding type registration row_version -> org.hibernate.type.RowVersionType@7b1fc576
2022-11-04 23:59:55 DEBUG      --- [restartedMain] o.hibernate.type.BasicTypeRegistry : Adding type registration image -> org.hibernate.type.ImageType@4b8363cf
2022-11-04 23:59:55 DEBUG      --- [restartedMain] o.hibernate.type.BasicTypeRegistry : Adding type registration characters -> org.hibernate.type.CharArrayType@51f438c9
2022-11-04 23:59:55 DEBUG      --- [restartedMain] o.hibernate.type.BasicTypeRegistry : Adding type registration char[] -> org.hibernate.type.CharArrayType@51f438c9
2022-11-04 23:59:55 DEBUG      --- [restartedMain] o.hibernate.type.BasicTypeRegistry : Adding type registration [C -> org.hibernate.type.CharArrayType@51f438c9
2022-11-04 23:59:55 DEBUG      --- [restartedMain] o.hibernate.type.BasicTypeRegistry : Adding type registration wrapper-characters -> org.hibernate.type.CharacterArrayType@45405d26
2022-11-04 23:59:55 DEBUG      --- [restartedMain] o.hibernate.type.BasicTypeRegistry : Adding type registration [Ljava.lang.Character; -> org.hibernate.type.CharacterArrayType@45405d26
2022-11-04 23:59:55 DEBUG      --- [restartedMain] o.hibernate.type.BasicTypeRegistry : Adding type registration Character[] -> org.hibernate.type.CharacterArrayType@45405d26
2022-11-04 23:59:55 DEBUG      --- [restartedMain] o.hibernate.type.BasicTypeRegistry : Adding type registration text -> org.hibernate.type.TextType@af1c28
2022-11-04 23:59:55 DEBUG      --- [restartedMain] o.hibernate.type.BasicTypeRegistry : Adding type registration ntext -> org.hibernate.type.NTextType@4ad66bb0
2022-11-04 23:59:55 DEBUG      --- [restartedMain] o.hibernate.type.BasicTypeRegistry : Adding type registration blob -> org.hibernate.type.BlobType@3e92c844
2022-11-04 23:59:55 DEBUG      --- [restartedMain] o.hibernate.type.BasicTypeRegistry : Adding type registration java.sql.Blob -> org.hibernate.type.BlobType@3e92c844
2022-11-04 23:59:55 DEBUG      --- [restartedMain] o.hibernate.type.BasicTypeRegistry : Adding type registration materialized_blob -> org.hibernate.type.MaterializedBlobType@1fa5cd8
2022-11-04 23:59:55 DEBUG      --- [restartedMain] o.hibernate.type.BasicTypeRegistry : Adding type registration clob -> org.hibernate.type.ClobType@45b32a9
2022-11-04 23:59:55 DEBUG      --- [restartedMain] o.hibernate.type.BasicTypeRegistry : Adding type registration java.sql.Clob -> org.hibernate.type.ClobType@45b32a9
2022-11-04 23:59:55 DEBUG      --- [restartedMain] o.hibernate.type.BasicTypeRegistry : Adding type registration nclob -> org.hibernate.type.NClobType@2f1db708
2022-11-04 23:59:55 DEBUG      --- [restartedMain] o.hibernate.type.BasicTypeRegistry : Adding type registration java.sql.NClob -> org.hibernate.type.NClobType@2f1db708
2022-11-04 23:59:55 DEBUG      --- [restartedMain] o.hibernate.type.BasicTypeRegistry : Adding type registration materialized_clob -> org.hibernate.type.MaterializedClobType@469b187a
2022-11-04 23:59:55 DEBUG      --- [restartedMain] o.hibernate.type.BasicTypeRegistry : Adding type registration materialized_nclob -> org.hibernate.type.MaterializedNClobType@414fed84
2022-11-04 23:59:55 DEBUG      --- [restartedMain] o.hibernate.type.BasicTypeRegistry : Adding type registration serializable -> org.hibernate.type.SerializableType@2fcf3a1a
2022-11-04 23:59:55 DEBUG      --- [restartedMain] o.hibernate.type.BasicTypeRegistry : Adding type registration object -> org.hibernate.type.ObjectType@246bf361
2022-11-04 23:59:55 DEBUG      --- [restartedMain] o.hibernate.type.BasicTypeRegistry : Adding type registration java.lang.Object -> org.hibernate.type.ObjectType@246bf361
2022-11-04 23:59:55 DEBUG      --- [restartedMain] o.hibernate.type.BasicTypeRegistry : Adding type registration imm_date -> org.hibernate.type.AdaptedImmutableType@3d124b4c
2022-11-04 23:59:55 DEBUG      --- [restartedMain] o.hibernate.type.BasicTypeRegistry : Adding type registration imm_time -> org.hibernate.type.AdaptedImmutableType@5515d0c9
2022-11-04 23:59:55 DEBUG      --- [restartedMain] o.hibernate.type.BasicTypeRegistry : Adding type registration imm_timestamp -> org.hibernate.type.AdaptedImmutableType@31c035d9
2022-11-04 23:59:55 DEBUG      --- [restartedMain] o.hibernate.type.BasicTypeRegistry : Adding type registration imm_dbtimestamp -> org.hibernate.type.AdaptedImmutableType@1bf0fdf6
2022-11-04 23:59:55 DEBUG      --- [restartedMain] o.hibernate.type.BasicTypeRegistry : Adding type registration imm_calendar -> org.hibernate.type.AdaptedImmutableType@34978def
2022-11-04 23:59:55 DEBUG      --- [restartedMain] o.hibernate.type.BasicTypeRegistry : Adding type registration imm_calendar_date -> org.hibernate.type.AdaptedImmutableType@4f7f902c
2022-11-04 23:59:55 DEBUG      --- [restartedMain] o.hibernate.type.BasicTypeRegistry : Adding type registration imm_binary -> org.hibernate.type.AdaptedImmutableType@7f211ae7
2022-11-04 23:59:55 DEBUG      --- [restartedMain] o.hibernate.type.BasicTypeRegistry : Adding type registration imm_serializable -> org.hibernate.type.AdaptedImmutableType@632257b8
2022-11-04 23:59:55 INFO       --- [restartedMain] org.hibernate.dialect.Dialect : HHH000400: Using dialect: org.hibernate.dialect.SQLServer2012Dialect
2022-11-04 23:59:55 DEBUG      --- [restartedMain] o.h.t.spi.TypeConfiguration$Scope : Scoping TypeConfiguration [org.hibernate.type.spi.TypeConfiguration@7f20a8c2] to MetadataBuildingContext [org.hibernate.boot.internal.MetadataBuildingContextRootImpl@71c3dbf8]
2022-11-04 23:59:55 WARN       --- [restartedMain] org.hibernate.mapping.RootClass : HHH000038: Composite-id class does not override equals(): com.cldbiz.security.domain.AppCodeKey
2022-11-04 23:59:55 WARN       --- [restartedMain] org.hibernate.mapping.RootClass : HHH000039: Composite-id class does not override hashCode(): com.cldbiz.security.domain.AppCodeKey
2022-11-04 23:59:55 DEBUG      --- [restartedMain] o.h.t.spi.TypeConfiguration$Scope : Scoping TypeConfiguration [org.hibernate.type.spi.TypeConfiguration@7f20a8c2] to SessionFactoryImpl [org.hibernate.internal.SessionFactoryImpl@762527cf]
2022-11-04 23:59:55 INFO       --- [restartedMain] o.h.e.t.j.p.i.JtaPlatformInitiator : HHH000490: Using JtaPlatform implementation: [org.hibernate.engine.transaction.jta.platform.internal.NoJtaPlatform]
2022-11-04 23:59:55 TRACE      --- [restartedMain] o.h.t.spi.TypeConfiguration$Scope : Handling #sessionFactoryCreated from [org.hibernate.internal.SessionFactoryImpl@762527cf] for TypeConfiguration
2022-11-04 23:59:55 INFO       --- [restartedMain] org.owasp.validator.html.Policy : Attempting to load AntiSamy policy from URL: file:/C:/Users/cliff/work/workspace-security/security-api/target/classes/antisamy.xml
2022-11-04 23:59:55 WARN       --- [restartedMain] o.s.b.a.o.j.JpaBaseConfiguration$JpaWebConfiguration : spring.jpa.open-in-view is enabled by default. Therefore, database queries may be performed during view rendering. Explicitly configure spring.jpa.open-in-view to disable this warning
2022-11-04 23:59:56 INFO       --- [restartedMain] o.a.coyote.http11.Http11NioProtocol : Starting ProtocolHandler ["http-nio-8008"]
2022-11-04 23:59:56 INFO       --- [restartedMain] c.c.security.SecurityApplication : Started SecurityApplication in 3.641 seconds (JVM running for 9627.93)
2022-11-05 00:00:07 INFO       --- [http-nio-8008-exec-1] o.a.c.c.C.[.[localhost].[/security] : Initializing Spring DispatcherServlet 'dispatcherServlet'
2022-11-05 00:00:07 WARN       --- [http-nio-8008-exec-1] o.s.w.s.m.m.a.ExceptionHandlerExceptionResolver : Resolved [com.cldbiz.security.exception.ApplicationException: java.lang.RuntimeException]
2022-11-05 00:02:19 WARN       --- [http-nio-8008-exec-3] o.s.w.s.m.m.a.ExceptionHandlerExceptionResolver : Resolved [com.cldbiz.security.exception.ApplicationException: java.lang.RuntimeException]
2022-11-05 09:12:21 WARN       --- [HikariPool-3 housekeeper] com.zaxxer.hikari.pool.HikariPool : HikariPool-3 - Thread starvation or clock leap detected (housekeeper delta=8h48m25s506ms260µs600ns).
2022-11-05 09:38:48 WARN       --- [HikariPool-3 housekeeper] com.zaxxer.hikari.pool.HikariPool : HikariPool-3 - Thread starvation or clock leap detected (housekeeper delta=9m57s787ms408µs700ns).
2022-11-05 12:44:28 WARN       --- [HikariPool-3 housekeeper] com.zaxxer.hikari.pool.HikariPool : HikariPool-3 - Thread starvation or clock leap detected (housekeeper delta=2h22m8s942ms408µs700ns).
2022-11-05 14:27:33 WARN       --- [HikariPool-3 housekeeper] com.zaxxer.hikari.pool.HikariPool : HikariPool-3 - Thread starvation or clock leap detected (housekeeper delta=1h3m34s561ms698µs).
2022-11-05 16:24:08 WARN       --- [HikariPool-3 housekeeper] com.zaxxer.hikari.pool.HikariPool : HikariPool-3 - Thread starvation or clock leap detected (housekeeper delta=1h37m5s468ms401µs300ns).
2022-11-05 17:48:31 WARN       --- [HikariPool-3 housekeeper] com.zaxxer.hikari.pool.HikariPool : HikariPool-3 - Thread starvation or clock leap detected (housekeeper delta=38m21s445ms659µs100ns).
