2023-03-10 23:36:35 DEBUG      --- [HikariPool-1 housekeeper] com.zaxxer.hikari.pool.HikariPool : HikariPool-1 - Pool stats (total=10, active=0, idle=10, waiting=0)
2023-03-10 23:36:35 DEBUG      --- [HikariPool-1 housekeeper] com.zaxxer.hikari.pool.HikariPool : HikariPool-1 - Fill pool skipped, pool has sufficient level or currently being filled (queueDepth=0).
2023-03-10 23:37:05 DEBUG      --- [HikariPool-1 housekeeper] com.zaxxer.hikari.pool.HikariPool : HikariPool-1 - Pool stats (total=10, active=0, idle=10, waiting=0)
2023-03-10 23:37:05 DEBUG      --- [HikariPool-1 housekeeper] com.zaxxer.hikari.pool.HikariPool : HikariPool-1 - Fill pool skipped, pool has sufficient level or currently being filled (queueDepth=0).
2023-03-10 23:37:32 DEBUG      --- [http-nio-8001-exec-8] o.s.web.servlet.DispatcherServlet : GET "/kafka-producer/v1/broadcastMessage/%7B3/Hello%20Galaxy", parameters={}
2023-03-10 23:37:32 DEBUG      --- [http-nio-8001-exec-8] o.s.w.s.m.m.a.RequestMappingHandlerMapping : Mapped to com.cldbiz.kafkaproducer.contoller.GroupsHeaderMsgController#broadcastMessage(Integer, String)
2023-03-10 23:37:32 DEBUG      --- [http-nio-8001-exec-8] o.s.o.j.s.OpenEntityManagerInViewInterceptor : Opening JPA EntityManager in OpenEntityManagerInViewInterceptor
2023-03-10 23:37:32 DEBUG      --- [http-nio-8001-exec-8] o.s.web.method.HandlerMethod : Could not resolve parameter [0] in public org.springframework.http.ResponseEntity<com.cldbiz.kafkaproducer.common.JsonResponse> com.cldbiz.kafkaproducer.contoller.GroupsHeaderMsgController.broadcastMessage(java.lang.Integer,java.lang.String): Failed to convert value of type 'java.lang.String' to required type 'java.lang.Integer'; For input string: "{3"
2023-03-10 23:37:32 DEBUG      --- [http-nio-8001-exec-8] o.s.w.s.m.m.a.ExceptionHandlerExceptionResolver : Using @ExceptionHandler com.cldbiz.kafkaproducer.interceptor.ControllerExceptionHandler#handleException(Exception, WebRequest)
2023-03-10 23:37:32 DEBUG      --- [http-nio-8001-exec-8] o.s.w.s.m.m.a.HttpEntityMethodProcessor : Using 'application/problem+json;q=0.8', given [text/html, application/xhtml+xml, image/avif, image/webp, image/apng, application/xml;q=0.9, */*;q=0.8, application/signed-exchange;v=b3;q=0.7] and supported [application/problem+json, application/json, application/*+json]
2023-03-10 23:37:32 DEBUG      --- [http-nio-8001-exec-8] o.s.w.s.m.m.a.HttpEntityMethodProcessor : Writing [ProblemDetail[type='about:blank', title='Bad Request', status=400, detail='Failed to convert 'null'  (truncated)...]
2023-03-10 23:37:32 WARN       --- [http-nio-8001-exec-8] o.s.w.s.m.m.a.ExceptionHandlerExceptionResolver : Resolved [org.springframework.web.method.annotation.MethodArgumentTypeMismatchException: Failed to convert value of type 'java.lang.String' to required type 'java.lang.Integer'; For input string: "{3"]
2023-03-10 23:37:32 DEBUG      --- [http-nio-8001-exec-8] o.s.o.j.s.OpenEntityManagerInViewInterceptor : Closing JPA EntityManager in OpenEntityManagerInViewInterceptor
2023-03-10 23:37:32 DEBUG      --- [http-nio-8001-exec-8] o.s.web.servlet.DispatcherServlet : Completed 400 BAD_REQUEST
2023-03-10 23:37:35 DEBUG      --- [HikariPool-1 housekeeper] com.zaxxer.hikari.pool.HikariPool : HikariPool-1 - Pool stats (total=10, active=0, idle=10, waiting=0)
2023-03-10 23:37:35 DEBUG      --- [HikariPool-1 housekeeper] com.zaxxer.hikari.pool.HikariPool : HikariPool-1 - Fill pool skipped, pool has sufficient level or currently being filled (queueDepth=0).
2023-03-10 23:37:43 DEBUG      --- [http-nio-8001-exec-9] o.s.web.servlet.DispatcherServlet : GET "/kafka-producer/v1/broadcastMessage/3/Hello%20Galaxy", parameters={}
2023-03-10 23:37:43 DEBUG      --- [http-nio-8001-exec-9] o.s.w.s.m.m.a.RequestMappingHandlerMapping : Mapped to com.cldbiz.kafkaproducer.contoller.GroupsHeaderMsgController#broadcastMessage(Integer, String)
2023-03-10 23:37:43 DEBUG      --- [http-nio-8001-exec-9] o.s.o.j.s.OpenEntityManagerInViewInterceptor : Opening JPA EntityManager in OpenEntityManagerInViewInterceptor
2023-03-10 23:37:43 DEBUG      --- [kafka-producer-network-thread | producer-2] o.a.kafka.clients.NetworkClient : [Producer clientId=producer-2] Sending metadata request MetadataRequestData(topics=[MetadataRequestTopic(topicId=AAAAAAAAAAAAAAAAAAAAAA, name='broadcastTopic')], allowAutoTopicCreation=true, includeClusterAuthorizedOperations=false, includeTopicAuthorizedOperations=false) to node ::1:9092 (id: 1 rack: null)
2023-03-10 23:37:43 DEBUG      --- [kafka-producer-network-thread | producer-2] o.a.kafka.clients.NetworkClient : [Producer clientId=producer-2] Sending METADATA request with header RequestHeader(apiKey=METADATA, apiVersion=12, clientId=producer-2, correlationId=6) and timeout 30000 to node 1: MetadataRequestData(topics=[MetadataRequestTopic(topicId=AAAAAAAAAAAAAAAAAAAAAA, name='broadcastTopic')], allowAutoTopicCreation=true, includeClusterAuthorizedOperations=false, includeTopicAuthorizedOperations=false)
2023-03-10 23:37:43 DEBUG      --- [kafka-producer-network-thread | producer-2] o.a.kafka.clients.NetworkClient : [Producer clientId=producer-2] Received METADATA response from node 1 for request with header RequestHeader(apiKey=METADATA, apiVersion=12, clientId=producer-2, correlationId=6): MetadataResponseData(throttleTimeMs=0, brokers=[MetadataResponseBroker(nodeId=1, host='::1', port=9092, rack=null)], clusterId='zpRNdB6cTTaQDVKIqKV2HQ', controllerId=1, topics=[MetadataResponseTopic(errorCode=0, name='broadcastTopic', topicId=WXaaduM8TX2S_ehFQlGTWQ, isInternal=false, partitions=[MetadataResponsePartition(errorCode=0, partitionIndex=2, leaderId=1, leaderEpoch=84, replicaNodes=[1], isrNodes=[1], offlineReplicas=[]), MetadataResponsePartition(errorCode=0, partitionIndex=1, leaderId=1, leaderEpoch=84, replicaNodes=[1], isrNodes=[1], offlineReplicas=[]), MetadataResponsePartition(errorCode=0, partitionIndex=0, leaderId=1, leaderEpoch=84, replicaNodes=[1], isrNodes=[1], offlineReplicas=[])], topicAuthorizedOperations=-2147483648)], clusterAuthorizedOperations=-2147483648)
2023-03-10 23:37:43 INFO       --- [kafka-producer-network-thread | producer-2] org.apache.kafka.clients.Metadata : [Producer clientId=producer-2] Resetting the last seen epoch of partition broadcastTopic-2 to 84 since the associated topicId changed from null to WXaaduM8TX2S_ehFQlGTWQ
2023-03-10 23:37:43 INFO       --- [kafka-producer-network-thread | producer-2] org.apache.kafka.clients.Metadata : [Producer clientId=producer-2] Resetting the last seen epoch of partition broadcastTopic-1 to 84 since the associated topicId changed from null to WXaaduM8TX2S_ehFQlGTWQ
2023-03-10 23:37:43 INFO       --- [kafka-producer-network-thread | producer-2] org.apache.kafka.clients.Metadata : [Producer clientId=producer-2] Resetting the last seen epoch of partition broadcastTopic-0 to 84 since the associated topicId changed from null to WXaaduM8TX2S_ehFQlGTWQ
2023-03-10 23:37:43 DEBUG      --- [kafka-producer-network-thread | producer-2] org.apache.kafka.clients.Metadata : [Producer clientId=producer-2] Updated cluster metadata updateVersion 3 to MetadataCache{clusterId='zpRNdB6cTTaQDVKIqKV2HQ', nodes={1=::1:9092 (id: 1 rack: null)}, partitions=[PartitionMetadata(error=NONE, partition=partitionedQueueTopic-2, leader=Optional[1], leaderEpoch=Optional[92], replicas=1, isr=1, offlineReplicas=), PartitionMetadata(error=NONE, partition=partitionedQueueTopic-1, leader=Optional[1], leaderEpoch=Optional[92], replicas=1, isr=1, offlineReplicas=), PartitionMetadata(error=NONE, partition=broadcastTopic-1, leader=Optional[1], leaderEpoch=Optional[84], replicas=1, isr=1, offlineReplicas=), PartitionMetadata(error=NONE, partition=broadcastTopic-0, leader=Optional[1], leaderEpoch=Optional[84], replicas=1, isr=1, offlineReplicas=), PartitionMetadata(error=NONE, partition=partitionedQueueTopic-0, leader=Optional[1], leaderEpoch=Optional[92], replicas=1, isr=1, offlineReplicas=), PartitionMetadata(error=NONE, partition=broadcastTopic-2, leader=Optional[1], leaderEpoch=Optional[84], replicas=1, isr=1, offlineReplicas=)], controller=::1:9092 (id: 1 rack: null)}
2023-03-10 23:37:43 DEBUG      --- [kafka-producer-network-thread | producer-2] o.a.k.c.p.i.TransactionManager : [Producer clientId=producer-2] ProducerId of partition broadcastTopic-1 set to 5003 with epoch 0. Reinitialize sequence at beginning.
2023-03-10 23:37:43 DEBUG      --- [kafka-producer-network-thread | producer-2] o.a.k.c.p.i.RecordAccumulator : [Producer clientId=producer-2] Assigned producerId 5003 and producerEpoch 0 to batch with base sequence 0 being sent to partition broadcastTopic-1
2023-03-10 23:37:43 DEBUG      --- [kafka-producer-network-thread | producer-2] o.a.kafka.clients.NetworkClient : [Producer clientId=producer-2] Sending PRODUCE request with header RequestHeader(apiKey=PRODUCE, apiVersion=9, clientId=producer-2, correlationId=7) and timeout 30000 to node 1: {acks=-1,timeout=30000,partitionSizes=[broadcastTopic-1=84]}
2023-03-10 23:37:43 DEBUG      --- [kafka-producer-network-thread | producer-2] o.a.kafka.clients.NetworkClient : [Producer clientId=producer-2] Received PRODUCE response from node 1 for request with header RequestHeader(apiKey=PRODUCE, apiVersion=9, clientId=producer-2, correlationId=7): ProduceResponseData(responses=[TopicProduceResponse(name='broadcastTopic', partitionResponses=[PartitionProduceResponse(index=1, errorCode=0, baseOffset=6, logAppendTimeMs=-1, logStartOffset=6, recordErrors=[], errorMessage=null)])], throttleTimeMs=0)
2023-03-10 23:37:43 DEBUG      --- [kafka-producer-network-thread | producer-2] o.a.k.c.p.i.TransactionManager : [Producer clientId=producer-2] ProducerId: 5003; Set last ack'd sequence number for topic-partition broadcastTopic-1 to 0
2023-03-10 23:37:43 DEBUG      --- [kafka-producer-network-thread | producer-2] o.a.k.c.p.i.RecordAccumulator : [Producer clientId=producer-2] Assigned producerId 5003 and producerEpoch 0 to batch with base sequence 1 being sent to partition broadcastTopic-1
2023-03-10 23:37:43 DEBUG      --- [kafka-producer-network-thread | producer-2] o.a.k.c.p.i.TransactionManager : [Producer clientId=producer-2] ProducerId of partition broadcastTopic-2 set to 5003 with epoch 0. Reinitialize sequence at beginning.
2023-03-10 23:37:43 DEBUG      --- [kafka-producer-network-thread | producer-2] o.a.k.c.p.i.RecordAccumulator : [Producer clientId=producer-2] Assigned producerId 5003 and producerEpoch 0 to batch with base sequence 0 being sent to partition broadcastTopic-2
2023-03-10 23:37:43 DEBUG      --- [http-nio-8001-exec-9] o.s.w.s.m.m.a.HttpEntityMethodProcessor : Using 'application/json;q=0.8', given [text/html, application/xhtml+xml, image/avif, image/webp, image/apng, application/xml;q=0.9, */*;q=0.8, application/signed-exchange;v=b3;q=0.7] and supported [application/json]
2023-03-10 23:37:43 DEBUG      --- [kafka-producer-network-thread | producer-2] o.a.kafka.clients.NetworkClient : [Producer clientId=producer-2] Sending PRODUCE request with header RequestHeader(apiKey=PRODUCE, apiVersion=9, clientId=producer-2, correlationId=8) and timeout 30000 to node 1: {acks=-1,timeout=30000,partitionSizes=[broadcastTopic-1=84,broadcastTopic-2=84]}
2023-03-10 23:37:43 DEBUG      --- [http-nio-8001-exec-9] o.s.w.s.m.m.a.HttpEntityMethodProcessor : Writing [{data={}, message=com.cldbiz.kafkaproducer.common.JsonResponse$Message@2bc138c0}]
2023-03-10 23:37:43 DEBUG      --- [http-nio-8001-exec-9] o.s.o.j.s.OpenEntityManagerInViewInterceptor : Closing JPA EntityManager in OpenEntityManagerInViewInterceptor
2023-03-10 23:37:43 DEBUG      --- [http-nio-8001-exec-9] o.s.web.servlet.DispatcherServlet : Completed 200 OK
2023-03-10 23:37:43 DEBUG      --- [kafka-producer-network-thread | producer-2] o.a.kafka.clients.NetworkClient : [Producer clientId=producer-2] Received PRODUCE response from node 1 for request with header RequestHeader(apiKey=PRODUCE, apiVersion=9, clientId=producer-2, correlationId=8): ProduceResponseData(responses=[TopicProduceResponse(name='broadcastTopic', partitionResponses=[PartitionProduceResponse(index=1, errorCode=0, baseOffset=7, logAppendTimeMs=-1, logStartOffset=6, recordErrors=[], errorMessage=null), PartitionProduceResponse(index=2, errorCode=0, baseOffset=1, logAppendTimeMs=-1, logStartOffset=1, recordErrors=[], errorMessage=null)])], throttleTimeMs=0)
2023-03-10 23:37:43 DEBUG      --- [kafka-producer-network-thread | producer-2] o.a.k.c.p.i.TransactionManager : [Producer clientId=producer-2] ProducerId: 5003; Set last ack'd sequence number for topic-partition broadcastTopic-1 to 1
2023-03-10 23:37:43 DEBUG      --- [kafka-producer-network-thread | producer-2] o.a.k.c.p.i.TransactionManager : [Producer clientId=producer-2] ProducerId: 5003; Set last ack'd sequence number for topic-partition broadcastTopic-2 to 0
2023-03-10 23:38:05 DEBUG      --- [HikariPool-1 housekeeper] com.zaxxer.hikari.pool.HikariPool : HikariPool-1 - Pool stats (total=10, active=0, idle=10, waiting=0)
2023-03-10 23:38:05 DEBUG      --- [HikariPool-1 housekeeper] com.zaxxer.hikari.pool.HikariPool : HikariPool-1 - Fill pool skipped, pool has sufficient level or currently being filled (queueDepth=0).
2023-03-10 23:38:35 DEBUG      --- [HikariPool-1 housekeeper] com.zaxxer.hikari.pool.HikariPool : HikariPool-1 - Pool stats (total=10, active=0, idle=10, waiting=0)
2023-03-10 23:38:35 DEBUG      --- [HikariPool-1 housekeeper] com.zaxxer.hikari.pool.HikariPool : HikariPool-1 - Fill pool skipped, pool has sufficient level or currently being filled (queueDepth=0).
2023-03-10 23:38:40 DEBUG      --- [http-nio-8001-exec-10] o.s.web.servlet.DispatcherServlet : GET "/kafka-producer/v1/greetingMessage/Hi/Cliff", parameters={}
2023-03-10 23:38:40 DEBUG      --- [http-nio-8001-exec-10] o.s.w.s.m.m.a.RequestMappingHandlerMapping : Mapped to com.cldbiz.kafkaproducer.contoller.GroupsHeaderMsgController#greetingMessage(String, String)
2023-03-10 23:38:40 DEBUG      --- [http-nio-8001-exec-10] o.s.o.j.s.OpenEntityManagerInViewInterceptor : Opening JPA EntityManager in OpenEntityManagerInViewInterceptor
2023-03-10 23:38:40 INFO       --- [http-nio-8001-exec-10] o.a.k.c.producer.ProducerConfig : ProducerConfig values: 
	acks = -1
	batch.size = 16384
	bootstrap.servers = [[::1]:9092]
	buffer.memory = 33554432
	client.dns.lookup = use_all_dns_ips
	client.id = producer-3
	compression.type = none
	connections.max.idle.ms = 540000
	delivery.timeout.ms = 120000
	enable.idempotence = true
	interceptor.classes = []
	key.serializer = class org.apache.kafka.common.serialization.StringSerializer
	linger.ms = 0
	max.block.ms = 60000
	max.in.flight.requests.per.connection = 5
	max.request.size = 1048576
	metadata.max.age.ms = 300000
	metadata.max.idle.ms = 300000
	metric.reporters = []
	metrics.num.samples = 2
	metrics.recording.level = INFO
	metrics.sample.window.ms = 30000
	partitioner.adaptive.partitioning.enable = true
	partitioner.availability.timeout.ms = 0
	partitioner.class = null
	partitioner.ignore.keys = false
	receive.buffer.bytes = 32768
	reconnect.backoff.max.ms = 1000
	reconnect.backoff.ms = 50
	request.timeout.ms = 30000
	retries = 2147483647
	retry.backoff.ms = 100
	sasl.client.callback.handler.class = null
	sasl.jaas.config = null
	sasl.kerberos.kinit.cmd = /usr/bin/kinit
	sasl.kerberos.min.time.before.relogin = 60000
	sasl.kerberos.service.name = null
	sasl.kerberos.ticket.renew.jitter = 0.05
	sasl.kerberos.ticket.renew.window.factor = 0.8
	sasl.login.callback.handler.class = null
	sasl.login.class = null
	sasl.login.connect.timeout.ms = null
	sasl.login.read.timeout.ms = null
	sasl.login.refresh.buffer.seconds = 300
	sasl.login.refresh.min.period.seconds = 60
	sasl.login.refresh.window.factor = 0.8
	sasl.login.refresh.window.jitter = 0.05
	sasl.login.retry.backoff.max.ms = 10000
	sasl.login.retry.backoff.ms = 100
	sasl.mechanism = GSSAPI
	sasl.oauthbearer.clock.skew.seconds = 30
	sasl.oauthbearer.expected.audience = null
	sasl.oauthbearer.expected.issuer = null
	sasl.oauthbearer.jwks.endpoint.refresh.ms = 3600000
	sasl.oauthbearer.jwks.endpoint.retry.backoff.max.ms = 10000
	sasl.oauthbearer.jwks.endpoint.retry.backoff.ms = 100
	sasl.oauthbearer.jwks.endpoint.url = null
	sasl.oauthbearer.scope.claim.name = scope
	sasl.oauthbearer.sub.claim.name = sub
	sasl.oauthbearer.token.endpoint.url = null
	security.protocol = PLAINTEXT
	security.providers = null
	send.buffer.bytes = 131072
	socket.connection.setup.timeout.max.ms = 30000
	socket.connection.setup.timeout.ms = 10000
	ssl.cipher.suites = null
	ssl.enabled.protocols = [TLSv1.2, TLSv1.3]
	ssl.endpoint.identification.algorithm = https
	ssl.engine.factory.class = null
	ssl.key.password = null
	ssl.keymanager.algorithm = SunX509
	ssl.keystore.certificate.chain = null
	ssl.keystore.key = null
	ssl.keystore.location = null
	ssl.keystore.password = null
	ssl.keystore.type = JKS
	ssl.protocol = TLSv1.3
	ssl.provider = null
	ssl.secure.random.implementation = null
	ssl.trustmanager.algorithm = PKIX
	ssl.truststore.certificates = null
	ssl.truststore.location = null
	ssl.truststore.password = null
	ssl.truststore.type = JKS
	transaction.timeout.ms = 60000
	transactional.id = null
	value.serializer = class org.springframework.kafka.support.serializer.JsonSerializer

2023-03-10 23:38:40 INFO       --- [http-nio-8001-exec-10] o.a.k.c.producer.KafkaProducer : [Producer clientId=producer-3] Instantiated an idempotent producer.
2023-03-10 23:38:40 INFO       --- [http-nio-8001-exec-10] o.a.k.common.utils.AppInfoParser : Kafka version: 3.3.2
2023-03-10 23:38:40 INFO       --- [http-nio-8001-exec-10] o.a.k.common.utils.AppInfoParser : Kafka commitId: b66af662e61082cb
2023-03-10 23:38:40 DEBUG      --- [kafka-producer-network-thread | producer-3] o.a.k.c.producer.internals.Sender : [Producer clientId=producer-3] Starting Kafka producer I/O thread.
2023-03-10 23:38:40 INFO       --- [http-nio-8001-exec-10] o.a.k.common.utils.AppInfoParser : Kafka startTimeMs: 1678513120759
2023-03-10 23:38:40 DEBUG      --- [kafka-producer-network-thread | producer-3] o.a.k.c.p.i.TransactionManager : [Producer clientId=producer-3] Transition from state UNINITIALIZED to INITIALIZING
2023-03-10 23:38:40 DEBUG      --- [kafka-producer-network-thread | producer-3] o.a.k.c.p.i.TransactionManager : [Producer clientId=producer-3] Enqueuing transactional request InitProducerIdRequestData(transactionalId=null, transactionTimeoutMs=2147483647, producerId=-1, producerEpoch=-1)
2023-03-10 23:38:40 DEBUG      --- [kafka-producer-network-thread | producer-3] o.a.kafka.clients.NetworkClient : [Producer clientId=producer-3] Initialize connection to node 0:0:0:0:0:0:0:1:9092 (id: -1 rack: null) for sending metadata request
2023-03-10 23:38:40 DEBUG      --- [http-nio-8001-exec-10] o.a.k.c.producer.KafkaProducer : [Producer clientId=producer-3] Kafka producer started
2023-03-10 23:38:40 DEBUG      --- [kafka-producer-network-thread | producer-3] o.apache.kafka.clients.ClientUtils : Resolved host 0:0:0:0:0:0:0:1 as 0:0:0:0:0:0:0:1
2023-03-10 23:38:40 DEBUG      --- [http-nio-8001-exec-10] o.s.k.c.DefaultKafkaProducerFactory : Created new Producer: CloseSafeProducer [delegate=org.apache.kafka.clients.producer.KafkaProducer@28a5546e]
2023-03-10 23:38:40 DEBUG      --- [kafka-producer-network-thread | producer-3] o.a.kafka.clients.NetworkClient : [Producer clientId=producer-3] Initiating connection to node 0:0:0:0:0:0:0:1:9092 (id: -1 rack: null) using address /0:0:0:0:0:0:0:1
2023-03-10 23:38:40 DEBUG      --- [kafka-producer-network-thread | producer-3] o.a.kafka.common.network.Selector : [Producer clientId=producer-3] Created socket with SO_RCVBUF = 32768, SO_SNDBUF = 131072, SO_TIMEOUT = 0 to node -1
2023-03-10 23:38:40 DEBUG      --- [kafka-producer-network-thread | producer-3] o.a.kafka.clients.NetworkClient : [Producer clientId=producer-3] Completed connection to node -1. Fetching API versions.
2023-03-10 23:38:40 DEBUG      --- [kafka-producer-network-thread | producer-3] o.a.kafka.clients.NetworkClient : [Producer clientId=producer-3] Initiating API versions fetch from node -1.
2023-03-10 23:38:40 DEBUG      --- [kafka-producer-network-thread | producer-3] o.a.kafka.clients.NetworkClient : [Producer clientId=producer-3] Sending API_VERSIONS request with header RequestHeader(apiKey=API_VERSIONS, apiVersion=3, clientId=producer-3, correlationId=0) and timeout 30000 to node -1: ApiVersionsRequestData(clientSoftwareName='apache-kafka-java', clientSoftwareVersion='3.3.2')
2023-03-10 23:38:40 DEBUG      --- [kafka-producer-network-thread | producer-3] o.a.kafka.clients.NetworkClient : [Producer clientId=producer-3] Received API_VERSIONS response from node -1 for request with header RequestHeader(apiKey=API_VERSIONS, apiVersion=3, clientId=producer-3, correlationId=0): ApiVersionsResponseData(errorCode=0, apiKeys=[ApiVersion(apiKey=0, minVersion=0, maxVersion=9), ApiVersion(apiKey=1, minVersion=0, maxVersion=13), ApiVersion(apiKey=2, minVersion=0, maxVersion=7), ApiVersion(apiKey=3, minVersion=0, maxVersion=12), ApiVersion(apiKey=8, minVersion=0, maxVersion=8), ApiVersion(apiKey=9, minVersion=0, maxVersion=8), ApiVersion(apiKey=10, minVersion=0, maxVersion=4), ApiVersion(apiKey=11, minVersion=0, maxVersion=9), ApiVersion(apiKey=12, minVersion=0, maxVersion=4), ApiVersion(apiKey=13, minVersion=0, maxVersion=5), ApiVersion(apiKey=14, minVersion=0, maxVersion=5), ApiVersion(apiKey=15, minVersion=0, maxVersion=5), ApiVersion(apiKey=16, minVersion=0, maxVersion=4), ApiVersion(apiKey=17, minVersion=0, maxVersion=1), ApiVersion(apiKey=18, minVersion=0, maxVersion=3), ApiVersion(apiKey=19, minVersion=0, maxVersion=7), ApiVersion(apiKey=20, minVersion=0, maxVersion=6), ApiVersion(apiKey=21, minVersion=0, maxVersion=2), ApiVersion(apiKey=22, minVersion=0, maxVersion=4), ApiVersion(apiKey=23, minVersion=0, maxVersion=4), ApiVersion(apiKey=24, minVersion=0, maxVersion=3), ApiVersion(apiKey=25, minVersion=0, maxVersion=3), ApiVersion(apiKey=26, minVersion=0, maxVersion=3), ApiVersion(apiKey=27, minVersion=0, maxVersion=1), ApiVersion(apiKey=28, minVersion=0, maxVersion=3), ApiVersion(apiKey=29, minVersion=0, maxVersion=3), ApiVersion(apiKey=30, minVersion=0, maxVersion=3), ApiVersion(apiKey=31, minVersion=0, maxVersion=3), ApiVersion(apiKey=32, minVersion=0, maxVersion=4), ApiVersion(apiKey=33, minVersion=0, maxVersion=2), ApiVersion(apiKey=34, minVersion=0, maxVersion=2), ApiVersion(apiKey=35, minVersion=0, maxVersion=4), ApiVersion(apiKey=36, minVersion=0, maxVersion=2), ApiVersion(apiKey=37, minVersion=0, maxVersion=3), ApiVersion(apiKey=42, minVersion=0, maxVersion=2), ApiVersion(apiKey=43, minVersion=0, maxVersion=2), ApiVersion(apiKey=44, minVersion=0, maxVersion=1), ApiVersion(apiKey=45, minVersion=0, maxVersion=0), ApiVersion(apiKey=46, minVersion=0, maxVersion=0), ApiVersion(apiKey=47, minVersion=0, maxVersion=0), ApiVersion(apiKey=48, minVersion=0, maxVersion=1), ApiVersion(apiKey=49, minVersion=0, maxVersion=1), ApiVersion(apiKey=55, minVersion=0, maxVersion=1), ApiVersion(apiKey=57, minVersion=0, maxVersion=1), ApiVersion(apiKey=60, minVersion=0, maxVersion=0), ApiVersion(apiKey=61, minVersion=0, maxVersion=0), ApiVersion(apiKey=64, minVersion=0, maxVersion=0), ApiVersion(apiKey=65, minVersion=0, maxVersion=0), ApiVersion(apiKey=66, minVersion=0, maxVersion=0)], throttleTimeMs=0, supportedFeatures=[SupportedFeatureKey(name='metadata.version', minVersion=1, maxVersion=8)], finalizedFeaturesEpoch=457377, finalizedFeatures=[FinalizedFeatureKey(name='metadata.version', maxVersionLevel=8, minVersionLevel=8)])
2023-03-10 23:38:40 DEBUG      --- [kafka-producer-network-thread | producer-3] o.a.kafka.clients.NetworkClient : [Producer clientId=producer-3] Node -1 has finalized features epoch: 457377, finalized features: [FinalizedFeatureKey(name='metadata.version', maxVersionLevel=8, minVersionLevel=8)], supported features: [SupportedFeatureKey(name='metadata.version', minVersion=1, maxVersion=8)], API versions: (Produce(0): 0 to 9 [usable: 9], Fetch(1): 0 to 13 [usable: 13], ListOffsets(2): 0 to 7 [usable: 7], Metadata(3): 0 to 12 [usable: 12], LeaderAndIsr(4): UNSUPPORTED, StopReplica(5): UNSUPPORTED, UpdateMetadata(6): UNSUPPORTED, ControlledShutdown(7): UNSUPPORTED, OffsetCommit(8): 0 to 8 [usable: 8], OffsetFetch(9): 0 to 8 [usable: 8], FindCoordinator(10): 0 to 4 [usable: 4], JoinGroup(11): 0 to 9 [usable: 9], Heartbeat(12): 0 to 4 [usable: 4], LeaveGroup(13): 0 to 5 [usable: 5], SyncGroup(14): 0 to 5 [usable: 5], DescribeGroups(15): 0 to 5 [usable: 5], ListGroups(16): 0 to 4 [usable: 4], SaslHandshake(17): 0 to 1 [usable: 1], ApiVersions(18): 0 to 3 [usable: 3], CreateTopics(19): 0 to 7 [usable: 7], DeleteTopics(20): 0 to 6 [usable: 6], DeleteRecords(21): 0 to 2 [usable: 2], InitProducerId(22): 0 to 4 [usable: 4], OffsetForLeaderEpoch(23): 0 to 4 [usable: 4], AddPartitionsToTxn(24): 0 to 3 [usable: 3], AddOffsetsToTxn(25): 0 to 3 [usable: 3], EndTxn(26): 0 to 3 [usable: 3], WriteTxnMarkers(27): 0 to 1 [usable: 1], TxnOffsetCommit(28): 0 to 3 [usable: 3], DescribeAcls(29): 0 to 3 [usable: 3], CreateAcls(30): 0 to 3 [usable: 3], DeleteAcls(31): 0 to 3 [usable: 3], DescribeConfigs(32): 0 to 4 [usable: 4], AlterConfigs(33): 0 to 2 [usable: 2], AlterReplicaLogDirs(34): 0 to 2 [usable: 2], DescribeLogDirs(35): 0 to 4 [usable: 4], SaslAuthenticate(36): 0 to 2 [usable: 2], CreatePartitions(37): 0 to 3 [usable: 3], CreateDelegationToken(38): UNSUPPORTED, RenewDelegationToken(39): UNSUPPORTED, ExpireDelegationToken(40): UNSUPPORTED, DescribeDelegationToken(41): UNSUPPORTED, DeleteGroups(42): 0 to 2 [usable: 2], ElectLeaders(43): 0 to 2 [usable: 2], IncrementalAlterConfigs(44): 0 to 1 [usable: 1], AlterPartitionReassignments(45): 0 [usable: 0], ListPartitionReassignments(46): 0 [usable: 0], OffsetDelete(47): 0 [usable: 0], DescribeClientQuotas(48): 0 to 1 [usable: 1], AlterClientQuotas(49): 0 to 1 [usable: 1], DescribeUserScramCredentials(50): UNSUPPORTED, AlterUserScramCredentials(51): UNSUPPORTED, DescribeQuorum(55): 0 to 1 [usable: 1], AlterPartition(56): UNSUPPORTED, UpdateFeatures(57): 0 to 1 [usable: 1], DescribeCluster(60): 0 [usable: 0], DescribeProducers(61): 0 [usable: 0], UnregisterBroker(64): 0 [usable: 0], DescribeTransactions(65): 0 [usable: 0], ListTransactions(66): 0 [usable: 0], AllocateProducerIds(67): UNSUPPORTED).
2023-03-10 23:38:40 DEBUG      --- [kafka-producer-network-thread | producer-3] o.a.kafka.clients.NetworkClient : [Producer clientId=producer-3] Sending metadata request MetadataRequestData(topics=[MetadataRequestTopic(topicId=AAAAAAAAAAAAAAAAAAAAAA, name='greetingTopic')], allowAutoTopicCreation=true, includeClusterAuthorizedOperations=false, includeTopicAuthorizedOperations=false) to node 0:0:0:0:0:0:0:1:9092 (id: -1 rack: null)
2023-03-10 23:38:40 DEBUG      --- [kafka-producer-network-thread | producer-3] o.a.kafka.clients.NetworkClient : [Producer clientId=producer-3] Sending METADATA request with header RequestHeader(apiKey=METADATA, apiVersion=12, clientId=producer-3, correlationId=1) and timeout 30000 to node -1: MetadataRequestData(topics=[MetadataRequestTopic(topicId=AAAAAAAAAAAAAAAAAAAAAA, name='greetingTopic')], allowAutoTopicCreation=true, includeClusterAuthorizedOperations=false, includeTopicAuthorizedOperations=false)
2023-03-10 23:38:40 DEBUG      --- [kafka-producer-network-thread | producer-3] o.a.k.c.producer.internals.Sender : [Producer clientId=producer-3] Sending transactional request InitProducerIdRequestData(transactionalId=null, transactionTimeoutMs=2147483647, producerId=-1, producerEpoch=-1) to node 0:0:0:0:0:0:0:1:9092 (id: -1 rack: null) with correlation ID 2
2023-03-10 23:38:40 DEBUG      --- [kafka-producer-network-thread | producer-3] o.a.kafka.clients.NetworkClient : [Producer clientId=producer-3] Sending INIT_PRODUCER_ID request with header RequestHeader(apiKey=INIT_PRODUCER_ID, apiVersion=4, clientId=producer-3, correlationId=2) and timeout 30000 to node -1: InitProducerIdRequestData(transactionalId=null, transactionTimeoutMs=2147483647, producerId=-1, producerEpoch=-1)
2023-03-10 23:38:40 DEBUG      --- [kafka-producer-network-thread | producer-3] o.a.kafka.clients.NetworkClient : [Producer clientId=producer-3] Received METADATA response from node -1 for request with header RequestHeader(apiKey=METADATA, apiVersion=12, clientId=producer-3, correlationId=1): MetadataResponseData(throttleTimeMs=0, brokers=[MetadataResponseBroker(nodeId=1, host='::1', port=9092, rack=null)], clusterId='zpRNdB6cTTaQDVKIqKV2HQ', controllerId=1, topics=[MetadataResponseTopic(errorCode=0, name='greetingTopic', topicId=qy5It8EoTwiGwtUMcjOGYw, isInternal=false, partitions=[MetadataResponsePartition(errorCode=0, partitionIndex=0, leaderId=1, leaderEpoch=78, replicaNodes=[1], isrNodes=[1], offlineReplicas=[])], topicAuthorizedOperations=-2147483648)], clusterAuthorizedOperations=-2147483648)
2023-03-10 23:38:40 INFO       --- [kafka-producer-network-thread | producer-3] org.apache.kafka.clients.Metadata : [Producer clientId=producer-3] Resetting the last seen epoch of partition greetingTopic-0 to 78 since the associated topicId changed from null to qy5It8EoTwiGwtUMcjOGYw
2023-03-10 23:38:40 INFO       --- [kafka-producer-network-thread | producer-3] org.apache.kafka.clients.Metadata : [Producer clientId=producer-3] Cluster ID: zpRNdB6cTTaQDVKIqKV2HQ
2023-03-10 23:38:40 DEBUG      --- [kafka-producer-network-thread | producer-3] org.apache.kafka.clients.Metadata : [Producer clientId=producer-3] Updated cluster metadata updateVersion 2 to MetadataCache{clusterId='zpRNdB6cTTaQDVKIqKV2HQ', nodes={1=::1:9092 (id: 1 rack: null)}, partitions=[PartitionMetadata(error=NONE, partition=greetingTopic-0, leader=Optional[1], leaderEpoch=Optional[78], replicas=1, isr=1, offlineReplicas=)], controller=::1:9092 (id: 1 rack: null)}
2023-03-10 23:38:40 DEBUG      --- [kafka-producer-network-thread | producer-3] o.a.kafka.clients.NetworkClient : [Producer clientId=producer-3] Received INIT_PRODUCER_ID response from node -1 for request with header RequestHeader(apiKey=INIT_PRODUCER_ID, apiVersion=4, clientId=producer-3, correlationId=2): InitProducerIdResponseData(throttleTimeMs=0, errorCode=0, producerId=5004, producerEpoch=0)
2023-03-10 23:38:40 INFO       --- [kafka-producer-network-thread | producer-3] o.a.k.c.p.i.TransactionManager : [Producer clientId=producer-3] ProducerId set to 5004 with epoch 0
2023-03-10 23:38:40 DEBUG      --- [kafka-producer-network-thread | producer-3] o.a.k.c.p.i.TransactionManager : [Producer clientId=producer-3] Transition from state INITIALIZING to READY
2023-03-10 23:38:40 DEBUG      --- [kafka-producer-network-thread | producer-3] o.apache.kafka.clients.ClientUtils : Resolved host ::1 as 0:0:0:0:0:0:0:1
2023-03-10 23:38:40 DEBUG      --- [kafka-producer-network-thread | producer-3] o.a.kafka.clients.NetworkClient : [Producer clientId=producer-3] Initiating connection to node ::1:9092 (id: 1 rack: null) using address /0:0:0:0:0:0:0:1
2023-03-10 23:38:40 DEBUG      --- [kafka-producer-network-thread | producer-3] o.a.kafka.common.network.Selector : [Producer clientId=producer-3] Created socket with SO_RCVBUF = 32768, SO_SNDBUF = 131072, SO_TIMEOUT = 0 to node 1
2023-03-10 23:38:40 DEBUG      --- [kafka-producer-network-thread | producer-3] o.a.kafka.clients.NetworkClient : [Producer clientId=producer-3] Completed connection to node 1. Fetching API versions.
2023-03-10 23:38:40 DEBUG      --- [kafka-producer-network-thread | producer-3] o.a.kafka.clients.NetworkClient : [Producer clientId=producer-3] Initiating API versions fetch from node 1.
2023-03-10 23:38:40 DEBUG      --- [kafka-producer-network-thread | producer-3] o.a.kafka.clients.NetworkClient : [Producer clientId=producer-3] Sending API_VERSIONS request with header RequestHeader(apiKey=API_VERSIONS, apiVersion=3, clientId=producer-3, correlationId=3) and timeout 30000 to node 1: ApiVersionsRequestData(clientSoftwareName='apache-kafka-java', clientSoftwareVersion='3.3.2')
2023-03-10 23:38:40 DEBUG      --- [kafka-producer-network-thread | producer-3] o.a.kafka.clients.NetworkClient : [Producer clientId=producer-3] Received API_VERSIONS response from node 1 for request with header RequestHeader(apiKey=API_VERSIONS, apiVersion=3, clientId=producer-3, correlationId=3): ApiVersionsResponseData(errorCode=0, apiKeys=[ApiVersion(apiKey=0, minVersion=0, maxVersion=9), ApiVersion(apiKey=1, minVersion=0, maxVersion=13), ApiVersion(apiKey=2, minVersion=0, maxVersion=7), ApiVersion(apiKey=3, minVersion=0, maxVersion=12), ApiVersion(apiKey=8, minVersion=0, maxVersion=8), ApiVersion(apiKey=9, minVersion=0, maxVersion=8), ApiVersion(apiKey=10, minVersion=0, maxVersion=4), ApiVersion(apiKey=11, minVersion=0, maxVersion=9), ApiVersion(apiKey=12, minVersion=0, maxVersion=4), ApiVersion(apiKey=13, minVersion=0, maxVersion=5), ApiVersion(apiKey=14, minVersion=0, maxVersion=5), ApiVersion(apiKey=15, minVersion=0, maxVersion=5), ApiVersion(apiKey=16, minVersion=0, maxVersion=4), ApiVersion(apiKey=17, minVersion=0, maxVersion=1), ApiVersion(apiKey=18, minVersion=0, maxVersion=3), ApiVersion(apiKey=19, minVersion=0, maxVersion=7), ApiVersion(apiKey=20, minVersion=0, maxVersion=6), ApiVersion(apiKey=21, minVersion=0, maxVersion=2), ApiVersion(apiKey=22, minVersion=0, maxVersion=4), ApiVersion(apiKey=23, minVersion=0, maxVersion=4), ApiVersion(apiKey=24, minVersion=0, maxVersion=3), ApiVersion(apiKey=25, minVersion=0, maxVersion=3), ApiVersion(apiKey=26, minVersion=0, maxVersion=3), ApiVersion(apiKey=27, minVersion=0, maxVersion=1), ApiVersion(apiKey=28, minVersion=0, maxVersion=3), ApiVersion(apiKey=29, minVersion=0, maxVersion=3), ApiVersion(apiKey=30, minVersion=0, maxVersion=3), ApiVersion(apiKey=31, minVersion=0, maxVersion=3), ApiVersion(apiKey=32, minVersion=0, maxVersion=4), ApiVersion(apiKey=33, minVersion=0, maxVersion=2), ApiVersion(apiKey=34, minVersion=0, maxVersion=2), ApiVersion(apiKey=35, minVersion=0, maxVersion=4), ApiVersion(apiKey=36, minVersion=0, maxVersion=2), ApiVersion(apiKey=37, minVersion=0, maxVersion=3), ApiVersion(apiKey=42, minVersion=0, maxVersion=2), ApiVersion(apiKey=43, minVersion=0, maxVersion=2), ApiVersion(apiKey=44, minVersion=0, maxVersion=1), ApiVersion(apiKey=45, minVersion=0, maxVersion=0), ApiVersion(apiKey=46, minVersion=0, maxVersion=0), ApiVersion(apiKey=47, minVersion=0, maxVersion=0), ApiVersion(apiKey=48, minVersion=0, maxVersion=1), ApiVersion(apiKey=49, minVersion=0, maxVersion=1), ApiVersion(apiKey=55, minVersion=0, maxVersion=1), ApiVersion(apiKey=57, minVersion=0, maxVersion=1), ApiVersion(apiKey=60, minVersion=0, maxVersion=0), ApiVersion(apiKey=61, minVersion=0, maxVersion=0), ApiVersion(apiKey=64, minVersion=0, maxVersion=0), ApiVersion(apiKey=65, minVersion=0, maxVersion=0), ApiVersion(apiKey=66, minVersion=0, maxVersion=0)], throttleTimeMs=0, supportedFeatures=[SupportedFeatureKey(name='metadata.version', minVersion=1, maxVersion=8)], finalizedFeaturesEpoch=457377, finalizedFeatures=[FinalizedFeatureKey(name='metadata.version', maxVersionLevel=8, minVersionLevel=8)])
2023-03-10 23:38:40 DEBUG      --- [kafka-producer-network-thread | producer-3] o.a.kafka.clients.NetworkClient : [Producer clientId=producer-3] Node 1 has finalized features epoch: 457377, finalized features: [FinalizedFeatureKey(name='metadata.version', maxVersionLevel=8, minVersionLevel=8)], supported features: [SupportedFeatureKey(name='metadata.version', minVersion=1, maxVersion=8)], API versions: (Produce(0): 0 to 9 [usable: 9], Fetch(1): 0 to 13 [usable: 13], ListOffsets(2): 0 to 7 [usable: 7], Metadata(3): 0 to 12 [usable: 12], LeaderAndIsr(4): UNSUPPORTED, StopReplica(5): UNSUPPORTED, UpdateMetadata(6): UNSUPPORTED, ControlledShutdown(7): UNSUPPORTED, OffsetCommit(8): 0 to 8 [usable: 8], OffsetFetch(9): 0 to 8 [usable: 8], FindCoordinator(10): 0 to 4 [usable: 4], JoinGroup(11): 0 to 9 [usable: 9], Heartbeat(12): 0 to 4 [usable: 4], LeaveGroup(13): 0 to 5 [usable: 5], SyncGroup(14): 0 to 5 [usable: 5], DescribeGroups(15): 0 to 5 [usable: 5], ListGroups(16): 0 to 4 [usable: 4], SaslHandshake(17): 0 to 1 [usable: 1], ApiVersions(18): 0 to 3 [usable: 3], CreateTopics(19): 0 to 7 [usable: 7], DeleteTopics(20): 0 to 6 [usable: 6], DeleteRecords(21): 0 to 2 [usable: 2], InitProducerId(22): 0 to 4 [usable: 4], OffsetForLeaderEpoch(23): 0 to 4 [usable: 4], AddPartitionsToTxn(24): 0 to 3 [usable: 3], AddOffsetsToTxn(25): 0 to 3 [usable: 3], EndTxn(26): 0 to 3 [usable: 3], WriteTxnMarkers(27): 0 to 1 [usable: 1], TxnOffsetCommit(28): 0 to 3 [usable: 3], DescribeAcls(29): 0 to 3 [usable: 3], CreateAcls(30): 0 to 3 [usable: 3], DeleteAcls(31): 0 to 3 [usable: 3], DescribeConfigs(32): 0 to 4 [usable: 4], AlterConfigs(33): 0 to 2 [usable: 2], AlterReplicaLogDirs(34): 0 to 2 [usable: 2], DescribeLogDirs(35): 0 to 4 [usable: 4], SaslAuthenticate(36): 0 to 2 [usable: 2], CreatePartitions(37): 0 to 3 [usable: 3], CreateDelegationToken(38): UNSUPPORTED, RenewDelegationToken(39): UNSUPPORTED, ExpireDelegationToken(40): UNSUPPORTED, DescribeDelegationToken(41): UNSUPPORTED, DeleteGroups(42): 0 to 2 [usable: 2], ElectLeaders(43): 0 to 2 [usable: 2], IncrementalAlterConfigs(44): 0 to 1 [usable: 1], AlterPartitionReassignments(45): 0 [usable: 0], ListPartitionReassignments(46): 0 [usable: 0], OffsetDelete(47): 0 [usable: 0], DescribeClientQuotas(48): 0 to 1 [usable: 1], AlterClientQuotas(49): 0 to 1 [usable: 1], DescribeUserScramCredentials(50): UNSUPPORTED, AlterUserScramCredentials(51): UNSUPPORTED, DescribeQuorum(55): 0 to 1 [usable: 1], AlterPartition(56): UNSUPPORTED, UpdateFeatures(57): 0 to 1 [usable: 1], DescribeCluster(60): 0 [usable: 0], DescribeProducers(61): 0 [usable: 0], UnregisterBroker(64): 0 [usable: 0], DescribeTransactions(65): 0 [usable: 0], ListTransactions(66): 0 [usable: 0], AllocateProducerIds(67): UNSUPPORTED).
2023-03-10 23:38:40 DEBUG      --- [kafka-producer-network-thread | producer-3] o.a.k.c.p.i.TransactionManager : [Producer clientId=producer-3] ProducerId of partition greetingTopic-0 set to 5004 with epoch 0. Reinitialize sequence at beginning.
2023-03-10 23:38:40 DEBUG      --- [kafka-producer-network-thread | producer-3] o.a.k.c.p.i.RecordAccumulator : [Producer clientId=producer-3] Assigned producerId 5004 and producerEpoch 0 to batch with base sequence 0 being sent to partition greetingTopic-0
2023-03-10 23:38:40 DEBUG      --- [kafka-producer-network-thread | producer-3] o.a.kafka.clients.NetworkClient : [Producer clientId=producer-3] Sending PRODUCE request with header RequestHeader(apiKey=PRODUCE, apiVersion=9, clientId=producer-3, correlationId=4) and timeout 30000 to node 1: {acks=-1,timeout=30000,partitionSizes=[greetingTopic-0=142]}
2023-03-10 23:38:40 DEBUG      --- [http-nio-8001-exec-10] o.s.w.s.m.m.a.HttpEntityMethodProcessor : Using 'application/json;q=0.8', given [text/html, application/xhtml+xml, image/avif, image/webp, image/apng, application/xml;q=0.9, */*;q=0.8, application/signed-exchange;v=b3;q=0.7] and supported [application/json]
2023-03-10 23:38:40 DEBUG      --- [http-nio-8001-exec-10] o.s.w.s.m.m.a.HttpEntityMethodProcessor : Writing [{data={}, message=com.cldbiz.kafkaproducer.common.JsonResponse$Message@6923c822}]
2023-03-10 23:38:40 DEBUG      --- [http-nio-8001-exec-10] o.s.o.j.s.OpenEntityManagerInViewInterceptor : Closing JPA EntityManager in OpenEntityManagerInViewInterceptor
2023-03-10 23:38:40 DEBUG      --- [http-nio-8001-exec-10] o.s.web.servlet.DispatcherServlet : Completed 200 OK
2023-03-10 23:38:40 DEBUG      --- [kafka-producer-network-thread | producer-3] o.a.kafka.clients.NetworkClient : [Producer clientId=producer-3] Received PRODUCE response from node 1 for request with header RequestHeader(apiKey=PRODUCE, apiVersion=9, clientId=producer-3, correlationId=4): ProduceResponseData(responses=[TopicProduceResponse(name='greetingTopic', partitionResponses=[PartitionProduceResponse(index=0, errorCode=0, baseOffset=4, logAppendTimeMs=-1, logStartOffset=4, recordErrors=[], errorMessage=null)])], throttleTimeMs=0)
2023-03-10 23:38:40 DEBUG      --- [kafka-producer-network-thread | producer-3] o.a.k.c.p.i.TransactionManager : [Producer clientId=producer-3] ProducerId: 5004; Set last ack'd sequence number for topic-partition greetingTopic-0 to 0
2023-03-10 23:39:05 DEBUG      --- [HikariPool-1 housekeeper] com.zaxxer.hikari.pool.HikariPool : HikariPool-1 - Pool stats (total=10, active=0, idle=10, waiting=0)
2023-03-10 23:39:05 DEBUG      --- [HikariPool-1 housekeeper] com.zaxxer.hikari.pool.HikariPool : HikariPool-1 - Fill pool skipped, pool has sufficient level or currently being filled (queueDepth=0).
2023-03-10 23:39:35 DEBUG      --- [HikariPool-1 housekeeper] com.zaxxer.hikari.pool.HikariPool : HikariPool-1 - Pool stats (total=10, active=0, idle=10, waiting=0)
2023-03-10 23:39:35 DEBUG      --- [HikariPool-1 housekeeper] com.zaxxer.hikari.pool.HikariPool : HikariPool-1 - Fill pool skipped, pool has sufficient level or currently being filled (queueDepth=0).
2023-03-10 23:40:05 DEBUG      --- [HikariPool-1 housekeeper] com.zaxxer.hikari.pool.HikariPool : HikariPool-1 - Pool stats (total=10, active=0, idle=10, waiting=0)
2023-03-10 23:40:05 DEBUG      --- [HikariPool-1 housekeeper] com.zaxxer.hikari.pool.HikariPool : HikariPool-1 - Fill pool skipped, pool has sufficient level or currently being filled (queueDepth=0).
2023-03-10 23:40:11 DEBUG      --- [kafka-producer-network-thread | producer-1] o.a.kafka.clients.NetworkClient : [Producer clientId=producer-1] Sending metadata request MetadataRequestData(topics=[MetadataRequestTopic(topicId=AAAAAAAAAAAAAAAAAAAAAA, name='simpleTopic')], allowAutoTopicCreation=true, includeClusterAuthorizedOperations=false, includeTopicAuthorizedOperations=false) to node ::1:9092 (id: 1 rack: null)
2023-03-10 23:40:11 DEBUG      --- [kafka-producer-network-thread | producer-1] o.a.kafka.clients.NetworkClient : [Producer clientId=producer-1] Sending METADATA request with header RequestHeader(apiKey=METADATA, apiVersion=12, clientId=producer-1, correlationId=5) and timeout 30000 to node 1: MetadataRequestData(topics=[MetadataRequestTopic(topicId=AAAAAAAAAAAAAAAAAAAAAA, name='simpleTopic')], allowAutoTopicCreation=true, includeClusterAuthorizedOperations=false, includeTopicAuthorizedOperations=false)
2023-03-10 23:40:11 DEBUG      --- [kafka-producer-network-thread | producer-1] o.a.kafka.clients.NetworkClient : [Producer clientId=producer-1] Received METADATA response from node 1 for request with header RequestHeader(apiKey=METADATA, apiVersion=12, clientId=producer-1, correlationId=5): MetadataResponseData(throttleTimeMs=0, brokers=[MetadataResponseBroker(nodeId=1, host='::1', port=9092, rack=null)], clusterId='zpRNdB6cTTaQDVKIqKV2HQ', controllerId=1, topics=[MetadataResponseTopic(errorCode=0, name='simpleTopic', topicId=J1Z_5yCNSOqTptOzTI9mWA, isInternal=false, partitions=[MetadataResponsePartition(errorCode=0, partitionIndex=0, leaderId=1, leaderEpoch=94, replicaNodes=[1], isrNodes=[1], offlineReplicas=[])], topicAuthorizedOperations=-2147483648)], clusterAuthorizedOperations=-2147483648)
2023-03-10 23:40:11 DEBUG      --- [kafka-producer-network-thread | producer-1] o.a.k.c.p.i.ProducerMetadata : [Producer clientId=producer-1] Removing unused topic simpleTopic from the metadata list, expiryMs 1678513211062 now 1678513211077
2023-03-10 23:40:11 DEBUG      --- [kafka-producer-network-thread | producer-1] org.apache.kafka.clients.Metadata : [Producer clientId=producer-1] Updated cluster metadata updateVersion 3 to MetadataCache{clusterId='zpRNdB6cTTaQDVKIqKV2HQ', nodes={1=::1:9092 (id: 1 rack: null)}, partitions=[], controller=::1:9092 (id: 1 rack: null)}
2023-03-10 23:40:18 DEBUG      --- [http-nio-8001-exec-4] o.s.web.servlet.DispatcherServlet : GET "/kafka-producer/v1/filteredGreetingMessage/3/Guten%20Tag/Sabine", parameters={}
2023-03-10 23:40:18 DEBUG      --- [http-nio-8001-exec-4] o.s.w.s.m.m.a.RequestMappingHandlerMapping : Mapped to com.cldbiz.kafkaproducer.contoller.GroupsHeaderMsgController#filteredGreetingMessage(Integer, String, String)
2023-03-10 23:40:18 DEBUG      --- [http-nio-8001-exec-4] o.s.o.j.s.OpenEntityManagerInViewInterceptor : Opening JPA EntityManager in OpenEntityManagerInViewInterceptor
2023-03-10 23:40:18 DEBUG      --- [kafka-producer-network-thread | producer-3] o.a.kafka.clients.NetworkClient : [Producer clientId=producer-3] Sending metadata request MetadataRequestData(topics=[MetadataRequestTopic(topicId=AAAAAAAAAAAAAAAAAAAAAA, name='filteredGreetingTopic')], allowAutoTopicCreation=true, includeClusterAuthorizedOperations=false, includeTopicAuthorizedOperations=false) to node ::1:9092 (id: 1 rack: null)
2023-03-10 23:40:18 DEBUG      --- [kafka-producer-network-thread | producer-3] o.a.kafka.clients.NetworkClient : [Producer clientId=producer-3] Sending METADATA request with header RequestHeader(apiKey=METADATA, apiVersion=12, clientId=producer-3, correlationId=5) and timeout 30000 to node 1: MetadataRequestData(topics=[MetadataRequestTopic(topicId=AAAAAAAAAAAAAAAAAAAAAA, name='filteredGreetingTopic')], allowAutoTopicCreation=true, includeClusterAuthorizedOperations=false, includeTopicAuthorizedOperations=false)
2023-03-10 23:40:18 DEBUG      --- [kafka-producer-network-thread | producer-3] o.a.kafka.clients.NetworkClient : [Producer clientId=producer-3] Received METADATA response from node 1 for request with header RequestHeader(apiKey=METADATA, apiVersion=12, clientId=producer-3, correlationId=5): MetadataResponseData(throttleTimeMs=0, brokers=[MetadataResponseBroker(nodeId=1, host='::1', port=9092, rack=null)], clusterId='zpRNdB6cTTaQDVKIqKV2HQ', controllerId=1, topics=[MetadataResponseTopic(errorCode=0, name='filteredGreetingTopic', topicId=1uwBoYqcT2udRpfaU1iegQ, isInternal=false, partitions=[MetadataResponsePartition(errorCode=0, partitionIndex=0, leaderId=1, leaderEpoch=45, replicaNodes=[1], isrNodes=[1], offlineReplicas=[])], topicAuthorizedOperations=-2147483648)], clusterAuthorizedOperations=-2147483648)
2023-03-10 23:40:18 INFO       --- [kafka-producer-network-thread | producer-3] org.apache.kafka.clients.Metadata : [Producer clientId=producer-3] Resetting the last seen epoch of partition filteredGreetingTopic-0 to 45 since the associated topicId changed from null to 1uwBoYqcT2udRpfaU1iegQ
2023-03-10 23:40:18 DEBUG      --- [kafka-producer-network-thread | producer-3] org.apache.kafka.clients.Metadata : [Producer clientId=producer-3] Updated cluster metadata updateVersion 3 to MetadataCache{clusterId='zpRNdB6cTTaQDVKIqKV2HQ', nodes={1=::1:9092 (id: 1 rack: null)}, partitions=[PartitionMetadata(error=NONE, partition=filteredGreetingTopic-0, leader=Optional[1], leaderEpoch=Optional[45], replicas=1, isr=1, offlineReplicas=), PartitionMetadata(error=NONE, partition=greetingTopic-0, leader=Optional[1], leaderEpoch=Optional[78], replicas=1, isr=1, offlineReplicas=)], controller=::1:9092 (id: 1 rack: null)}
2023-03-10 23:40:18 DEBUG      --- [kafka-producer-network-thread | producer-3] o.a.k.c.p.i.TransactionManager : [Producer clientId=producer-3] ProducerId of partition filteredGreetingTopic-0 set to 5004 with epoch 0. Reinitialize sequence at beginning.
2023-03-10 23:40:18 DEBUG      --- [kafka-producer-network-thread | producer-3] o.a.k.c.p.i.RecordAccumulator : [Producer clientId=producer-3] Assigned producerId 5004 and producerEpoch 0 to batch with base sequence 0 being sent to partition filteredGreetingTopic-0
2023-03-10 23:40:18 DEBUG      --- [kafka-producer-network-thread | producer-3] o.a.kafka.clients.NetworkClient : [Producer clientId=producer-3] Sending PRODUCE request with header RequestHeader(apiKey=PRODUCE, apiVersion=9, clientId=producer-3, correlationId=6) and timeout 30000 to node 1: {acks=-1,timeout=30000,partitionSizes=[filteredGreetingTopic-0=154]}
2023-03-10 23:40:18 DEBUG      --- [kafka-producer-network-thread | producer-3] o.a.kafka.clients.NetworkClient : [Producer clientId=producer-3] Received PRODUCE response from node 1 for request with header RequestHeader(apiKey=PRODUCE, apiVersion=9, clientId=producer-3, correlationId=6): ProduceResponseData(responses=[TopicProduceResponse(name='filteredGreetingTopic', partitionResponses=[PartitionProduceResponse(index=0, errorCode=0, baseOffset=6, logAppendTimeMs=-1, logStartOffset=6, recordErrors=[], errorMessage=null)])], throttleTimeMs=0)
2023-03-10 23:40:18 DEBUG      --- [kafka-producer-network-thread | producer-3] o.a.k.c.p.i.TransactionManager : [Producer clientId=producer-3] ProducerId: 5004; Set last ack'd sequence number for topic-partition filteredGreetingTopic-0 to 0
2023-03-10 23:40:18 DEBUG      --- [kafka-producer-network-thread | producer-3] o.a.k.c.p.i.RecordAccumulator : [Producer clientId=producer-3] Assigned producerId 5004 and producerEpoch 0 to batch with base sequence 1 being sent to partition filteredGreetingTopic-0
2023-03-10 23:40:18 DEBUG      --- [kafka-producer-network-thread | producer-3] o.a.kafka.clients.NetworkClient : [Producer clientId=producer-3] Sending PRODUCE request with header RequestHeader(apiKey=PRODUCE, apiVersion=9, clientId=producer-3, correlationId=7) and timeout 30000 to node 1: {acks=-1,timeout=30000,partitionSizes=[filteredGreetingTopic-0=154]}
2023-03-10 23:40:18 DEBUG      --- [kafka-producer-network-thread | producer-3] o.a.k.c.p.i.RecordAccumulator : [Producer clientId=producer-3] Assigned producerId 5004 and producerEpoch 0 to batch with base sequence 2 being sent to partition filteredGreetingTopic-0
2023-03-10 23:40:18 DEBUG      --- [http-nio-8001-exec-4] o.s.w.s.m.m.a.HttpEntityMethodProcessor : Using 'application/json;q=0.8', given [text/html, application/xhtml+xml, image/avif, image/webp, image/apng, application/xml;q=0.9, */*;q=0.8, application/signed-exchange;v=b3;q=0.7] and supported [application/json]
2023-03-10 23:40:18 DEBUG      --- [kafka-producer-network-thread | producer-3] o.a.kafka.clients.NetworkClient : [Producer clientId=producer-3] Sending PRODUCE request with header RequestHeader(apiKey=PRODUCE, apiVersion=9, clientId=producer-3, correlationId=8) and timeout 30000 to node 1: {acks=-1,timeout=30000,partitionSizes=[filteredGreetingTopic-0=154]}
2023-03-10 23:40:18 DEBUG      --- [http-nio-8001-exec-4] o.s.w.s.m.m.a.HttpEntityMethodProcessor : Writing [{data={}, message=com.cldbiz.kafkaproducer.common.JsonResponse$Message@69ec4f78}]
2023-03-10 23:40:18 DEBUG      --- [http-nio-8001-exec-4] o.s.o.j.s.OpenEntityManagerInViewInterceptor : Closing JPA EntityManager in OpenEntityManagerInViewInterceptor
2023-03-10 23:40:18 DEBUG      --- [kafka-producer-network-thread | producer-3] o.a.kafka.clients.NetworkClient : [Producer clientId=producer-3] Received PRODUCE response from node 1 for request with header RequestHeader(apiKey=PRODUCE, apiVersion=9, clientId=producer-3, correlationId=7): ProduceResponseData(responses=[TopicProduceResponse(name='filteredGreetingTopic', partitionResponses=[PartitionProduceResponse(index=0, errorCode=0, baseOffset=7, logAppendTimeMs=-1, logStartOffset=6, recordErrors=[], errorMessage=null)])], throttleTimeMs=0)
2023-03-10 23:40:18 DEBUG      --- [http-nio-8001-exec-4] o.s.web.servlet.DispatcherServlet : Completed 200 OK
2023-03-10 23:40:18 DEBUG      --- [kafka-producer-network-thread | producer-3] o.a.k.c.p.i.TransactionManager : [Producer clientId=producer-3] ProducerId: 5004; Set last ack'd sequence number for topic-partition filteredGreetingTopic-0 to 1
2023-03-10 23:40:18 DEBUG      --- [kafka-producer-network-thread | producer-3] o.a.kafka.clients.NetworkClient : [Producer clientId=producer-3] Received PRODUCE response from node 1 for request with header RequestHeader(apiKey=PRODUCE, apiVersion=9, clientId=producer-3, correlationId=8): ProduceResponseData(responses=[TopicProduceResponse(name='filteredGreetingTopic', partitionResponses=[PartitionProduceResponse(index=0, errorCode=0, baseOffset=8, logAppendTimeMs=-1, logStartOffset=6, recordErrors=[], errorMessage=null)])], throttleTimeMs=0)
2023-03-10 23:40:18 DEBUG      --- [kafka-producer-network-thread | producer-3] o.a.k.c.p.i.TransactionManager : [Producer clientId=producer-3] ProducerId: 5004; Set last ack'd sequence number for topic-partition filteredGreetingTopic-0 to 2
2023-03-10 23:40:35 DEBUG      --- [HikariPool-1 housekeeper] com.zaxxer.hikari.pool.HikariPool : HikariPool-1 - Pool stats (total=10, active=0, idle=10, waiting=0)
2023-03-10 23:40:35 DEBUG      --- [HikariPool-1 housekeeper] com.zaxxer.hikari.pool.HikariPool : HikariPool-1 - Fill pool skipped, pool has sufficient level or currently being filled (queueDepth=0).
2023-03-10 23:41:05 DEBUG      --- [HikariPool-1 housekeeper] com.zaxxer.hikari.pool.HikariPool : HikariPool-1 - Pool stats (total=10, active=0, idle=10, waiting=0)
2023-03-10 23:41:05 DEBUG      --- [HikariPool-1 housekeeper] com.zaxxer.hikari.pool.HikariPool : HikariPool-1 - Fill pool skipped, pool has sufficient level or currently being filled (queueDepth=0).
2023-03-10 23:41:27 DEBUG      --- [kafka-producer-network-thread | producer-2] o.a.kafka.clients.NetworkClient : [Producer clientId=producer-2] Sending metadata request MetadataRequestData(topics=[MetadataRequestTopic(topicId=AAAAAAAAAAAAAAAAAAAAAA, name='broadcastTopic'), MetadataRequestTopic(topicId=AAAAAAAAAAAAAAAAAAAAAA, name='partitionedQueueTopic')], allowAutoTopicCreation=true, includeClusterAuthorizedOperations=false, includeTopicAuthorizedOperations=false) to node ::1:9092 (id: 1 rack: null)
2023-03-10 23:41:27 DEBUG      --- [kafka-producer-network-thread | producer-2] o.a.kafka.clients.NetworkClient : [Producer clientId=producer-2] Sending METADATA request with header RequestHeader(apiKey=METADATA, apiVersion=12, clientId=producer-2, correlationId=9) and timeout 30000 to node 1: MetadataRequestData(topics=[MetadataRequestTopic(topicId=AAAAAAAAAAAAAAAAAAAAAA, name='broadcastTopic'), MetadataRequestTopic(topicId=AAAAAAAAAAAAAAAAAAAAAA, name='partitionedQueueTopic')], allowAutoTopicCreation=true, includeClusterAuthorizedOperations=false, includeTopicAuthorizedOperations=false)
2023-03-10 23:41:27 DEBUG      --- [kafka-producer-network-thread | producer-2] o.a.kafka.clients.NetworkClient : [Producer clientId=producer-2] Received METADATA response from node 1 for request with header RequestHeader(apiKey=METADATA, apiVersion=12, clientId=producer-2, correlationId=9): MetadataResponseData(throttleTimeMs=0, brokers=[MetadataResponseBroker(nodeId=1, host='::1', port=9092, rack=null)], clusterId='zpRNdB6cTTaQDVKIqKV2HQ', controllerId=1, topics=[MetadataResponseTopic(errorCode=0, name='broadcastTopic', topicId=WXaaduM8TX2S_ehFQlGTWQ, isInternal=false, partitions=[MetadataResponsePartition(errorCode=0, partitionIndex=2, leaderId=1, leaderEpoch=84, replicaNodes=[1], isrNodes=[1], offlineReplicas=[]), MetadataResponsePartition(errorCode=0, partitionIndex=1, leaderId=1, leaderEpoch=84, replicaNodes=[1], isrNodes=[1], offlineReplicas=[]), MetadataResponsePartition(errorCode=0, partitionIndex=0, leaderId=1, leaderEpoch=84, replicaNodes=[1], isrNodes=[1], offlineReplicas=[])], topicAuthorizedOperations=-2147483648), MetadataResponseTopic(errorCode=0, name='partitionedQueueTopic', topicId=iwxf3BG0SJqmD7iq4LLnWw, isInternal=false, partitions=[MetadataResponsePartition(errorCode=0, partitionIndex=2, leaderId=1, leaderEpoch=92, replicaNodes=[1], isrNodes=[1], offlineReplicas=[]), MetadataResponsePartition(errorCode=0, partitionIndex=1, leaderId=1, leaderEpoch=92, replicaNodes=[1], isrNodes=[1], offlineReplicas=[]), MetadataResponsePartition(errorCode=0, partitionIndex=0, leaderId=1, leaderEpoch=92, replicaNodes=[1], isrNodes=[1], offlineReplicas=[])], topicAuthorizedOperations=-2147483648)], clusterAuthorizedOperations=-2147483648)
2023-03-10 23:41:27 DEBUG      --- [kafka-producer-network-thread | producer-2] org.apache.kafka.clients.Metadata : [Producer clientId=producer-2] Updating last seen epoch for partition broadcastTopic-2 from 84 to epoch 84 from new metadata
2023-03-10 23:41:27 DEBUG      --- [kafka-producer-network-thread | producer-2] org.apache.kafka.clients.Metadata : [Producer clientId=producer-2] Updating last seen epoch for partition broadcastTopic-1 from 84 to epoch 84 from new metadata
2023-03-10 23:41:27 DEBUG      --- [kafka-producer-network-thread | producer-2] org.apache.kafka.clients.Metadata : [Producer clientId=producer-2] Updating last seen epoch for partition broadcastTopic-0 from 84 to epoch 84 from new metadata
2023-03-10 23:41:27 INFO       --- [kafka-producer-network-thread | producer-2] org.apache.kafka.clients.Metadata : [Producer clientId=producer-2] Resetting the last seen epoch of partition partitionedQueueTopic-2 to 92 since the associated topicId changed from null to iwxf3BG0SJqmD7iq4LLnWw
2023-03-10 23:41:27 INFO       --- [kafka-producer-network-thread | producer-2] org.apache.kafka.clients.Metadata : [Producer clientId=producer-2] Resetting the last seen epoch of partition partitionedQueueTopic-1 to 92 since the associated topicId changed from null to iwxf3BG0SJqmD7iq4LLnWw
2023-03-10 23:41:27 INFO       --- [kafka-producer-network-thread | producer-2] org.apache.kafka.clients.Metadata : [Producer clientId=producer-2] Resetting the last seen epoch of partition partitionedQueueTopic-0 to 92 since the associated topicId changed from null to iwxf3BG0SJqmD7iq4LLnWw
2023-03-10 23:41:27 DEBUG      --- [kafka-producer-network-thread | producer-2] org.apache.kafka.clients.Metadata : [Producer clientId=producer-2] Updated cluster metadata updateVersion 4 to MetadataCache{clusterId='zpRNdB6cTTaQDVKIqKV2HQ', nodes={1=::1:9092 (id: 1 rack: null)}, partitions=[PartitionMetadata(error=NONE, partition=partitionedQueueTopic-2, leader=Optional[1], leaderEpoch=Optional[92], replicas=1, isr=1, offlineReplicas=), PartitionMetadata(error=NONE, partition=partitionedQueueTopic-1, leader=Optional[1], leaderEpoch=Optional[92], replicas=1, isr=1, offlineReplicas=), PartitionMetadata(error=NONE, partition=broadcastTopic-1, leader=Optional[1], leaderEpoch=Optional[84], replicas=1, isr=1, offlineReplicas=), PartitionMetadata(error=NONE, partition=broadcastTopic-0, leader=Optional[1], leaderEpoch=Optional[84], replicas=1, isr=1, offlineReplicas=), PartitionMetadata(error=NONE, partition=partitionedQueueTopic-0, leader=Optional[1], leaderEpoch=Optional[92], replicas=1, isr=1, offlineReplicas=), PartitionMetadata(error=NONE, partition=broadcastTopic-2, leader=Optional[1], leaderEpoch=Optional[84], replicas=1, isr=1, offlineReplicas=)], controller=::1:9092 (id: 1 rack: null)}
2023-03-10 23:41:31 DEBUG      --- [http-nio-8001-exec-6] o.s.web.servlet.DispatcherServlet : GET "/kafka-producer/v1//multiTypeMessage/Guten%20Tag/Tchuss/Alma", parameters={}
2023-03-10 23:41:31 DEBUG      --- [http-nio-8001-exec-6] o.s.w.s.h.SimpleUrlHandlerMapping : Mapped to ResourceHttpRequestHandler [classpath [META-INF/resources/], classpath [resources/], classpath [static/], classpath [public/], ServletContext [/]]
2023-03-10 23:41:31 DEBUG      --- [http-nio-8001-exec-6] o.s.o.j.s.OpenEntityManagerInViewInterceptor : Opening JPA EntityManager in OpenEntityManagerInViewInterceptor
2023-03-10 23:41:31 DEBUG      --- [http-nio-8001-exec-6] o.s.w.s.r.ResourceHttpRequestHandler : Resource not found
2023-03-10 23:41:31 DEBUG      --- [http-nio-8001-exec-6] o.s.o.j.s.OpenEntityManagerInViewInterceptor : Closing JPA EntityManager in OpenEntityManagerInViewInterceptor
2023-03-10 23:41:31 DEBUG      --- [http-nio-8001-exec-6] o.s.web.servlet.DispatcherServlet : Completed 404 NOT_FOUND
2023-03-10 23:41:31 DEBUG      --- [http-nio-8001-exec-6] o.s.web.servlet.DispatcherServlet : "ERROR" dispatch for GET "/kafka-producer/error", parameters={}
2023-03-10 23:41:31 DEBUG      --- [http-nio-8001-exec-6] o.s.w.s.m.m.a.RequestMappingHandlerMapping : Mapped to org.springframework.boot.autoconfigure.web.servlet.error.BasicErrorController#errorHtml(HttpServletRequest, HttpServletResponse)
2023-03-10 23:41:31 DEBUG      --- [http-nio-8001-exec-6] o.s.o.j.s.OpenEntityManagerInViewInterceptor : Opening JPA EntityManager in OpenEntityManagerInViewInterceptor
2023-03-10 23:41:31 DEBUG      --- [http-nio-8001-exec-6] o.s.w.s.v.ContentNegotiatingViewResolver : Selected 'text/html' given [text/html, text/html;q=0.8]
2023-03-10 23:41:31 DEBUG      --- [http-nio-8001-exec-6] o.s.o.j.s.OpenEntityManagerInViewInterceptor : Closing JPA EntityManager in OpenEntityManagerInViewInterceptor
2023-03-10 23:41:31 DEBUG      --- [http-nio-8001-exec-6] o.s.web.servlet.DispatcherServlet : Exiting from "ERROR" dispatch, status 404
2023-03-10 23:41:35 DEBUG      --- [HikariPool-1 housekeeper] com.zaxxer.hikari.pool.HikariPool : HikariPool-1 - Pool stats (total=10, active=0, idle=10, waiting=0)
2023-03-10 23:41:35 DEBUG      --- [HikariPool-1 housekeeper] com.zaxxer.hikari.pool.HikariPool : HikariPool-1 - Fill pool skipped, pool has sufficient level or currently being filled (queueDepth=0).
2023-03-10 23:41:38 DEBUG      --- [http-nio-8001-exec-7] o.s.web.servlet.DispatcherServlet : GET "/kafka-producer/v1/multiTypeMessage/Guten%20Tag/Tchuss/Alma", parameters={}
2023-03-10 23:41:38 DEBUG      --- [http-nio-8001-exec-7] o.s.w.s.m.m.a.RequestMappingHandlerMapping : Mapped to com.cldbiz.kafkaproducer.contoller.GroupsHeaderMsgController#multiTypeMessage(String, String, String)
2023-03-10 23:41:38 DEBUG      --- [http-nio-8001-exec-7] o.s.o.j.s.OpenEntityManagerInViewInterceptor : Opening JPA EntityManager in OpenEntityManagerInViewInterceptor
2023-03-10 23:41:38 INFO       --- [http-nio-8001-exec-7] o.a.k.c.producer.ProducerConfig : ProducerConfig values: 
	acks = -1
	batch.size = 16384
	bootstrap.servers = [[::1]:9092]
	buffer.memory = 33554432
	client.dns.lookup = use_all_dns_ips
	client.id = producer-4
	compression.type = none
	connections.max.idle.ms = 540000
	delivery.timeout.ms = 120000
	enable.idempotence = true
	interceptor.classes = []
	key.serializer = class org.apache.kafka.common.serialization.StringSerializer
	linger.ms = 0
	max.block.ms = 60000
	max.in.flight.requests.per.connection = 5
	max.request.size = 1048576
	metadata.max.age.ms = 300000
	metadata.max.idle.ms = 300000
	metric.reporters = []
	metrics.num.samples = 2
	metrics.recording.level = INFO
	metrics.sample.window.ms = 30000
	partitioner.adaptive.partitioning.enable = true
	partitioner.availability.timeout.ms = 0
	partitioner.class = null
	partitioner.ignore.keys = false
	receive.buffer.bytes = 32768
	reconnect.backoff.max.ms = 1000
	reconnect.backoff.ms = 50
	request.timeout.ms = 30000
	retries = 2147483647
	retry.backoff.ms = 100
	sasl.client.callback.handler.class = null
	sasl.jaas.config = null
	sasl.kerberos.kinit.cmd = /usr/bin/kinit
	sasl.kerberos.min.time.before.relogin = 60000
	sasl.kerberos.service.name = null
	sasl.kerberos.ticket.renew.jitter = 0.05
	sasl.kerberos.ticket.renew.window.factor = 0.8
	sasl.login.callback.handler.class = null
	sasl.login.class = null
	sasl.login.connect.timeout.ms = null
	sasl.login.read.timeout.ms = null
	sasl.login.refresh.buffer.seconds = 300
	sasl.login.refresh.min.period.seconds = 60
	sasl.login.refresh.window.factor = 0.8
	sasl.login.refresh.window.jitter = 0.05
	sasl.login.retry.backoff.max.ms = 10000
	sasl.login.retry.backoff.ms = 100
	sasl.mechanism = GSSAPI
	sasl.oauthbearer.clock.skew.seconds = 30
	sasl.oauthbearer.expected.audience = null
	sasl.oauthbearer.expected.issuer = null
	sasl.oauthbearer.jwks.endpoint.refresh.ms = 3600000
	sasl.oauthbearer.jwks.endpoint.retry.backoff.max.ms = 10000
	sasl.oauthbearer.jwks.endpoint.retry.backoff.ms = 100
	sasl.oauthbearer.jwks.endpoint.url = null
	sasl.oauthbearer.scope.claim.name = scope
	sasl.oauthbearer.sub.claim.name = sub
	sasl.oauthbearer.token.endpoint.url = null
	security.protocol = PLAINTEXT
	security.providers = null
	send.buffer.bytes = 131072
	socket.connection.setup.timeout.max.ms = 30000
	socket.connection.setup.timeout.ms = 10000
	ssl.cipher.suites = null
	ssl.enabled.protocols = [TLSv1.2, TLSv1.3]
	ssl.endpoint.identification.algorithm = https
	ssl.engine.factory.class = null
	ssl.key.password = null
	ssl.keymanager.algorithm = SunX509
	ssl.keystore.certificate.chain = null
	ssl.keystore.key = null
	ssl.keystore.location = null
	ssl.keystore.password = null
	ssl.keystore.type = JKS
	ssl.protocol = TLSv1.3
	ssl.provider = null
	ssl.secure.random.implementation = null
	ssl.trustmanager.algorithm = PKIX
	ssl.truststore.certificates = null
	ssl.truststore.location = null
	ssl.truststore.password = null
	ssl.truststore.type = JKS
	transaction.timeout.ms = 60000
	transactional.id = null
	value.serializer = class org.springframework.kafka.support.serializer.JsonSerializer

2023-03-10 23:41:38 INFO       --- [http-nio-8001-exec-7] o.a.k.c.producer.KafkaProducer : [Producer clientId=producer-4] Instantiated an idempotent producer.
2023-03-10 23:41:38 INFO       --- [http-nio-8001-exec-7] o.a.k.common.utils.AppInfoParser : Kafka version: 3.3.2
2023-03-10 23:41:38 INFO       --- [http-nio-8001-exec-7] o.a.k.common.utils.AppInfoParser : Kafka commitId: b66af662e61082cb
2023-03-10 23:41:38 INFO       --- [http-nio-8001-exec-7] o.a.k.common.utils.AppInfoParser : Kafka startTimeMs: 1678513298718
2023-03-10 23:41:38 DEBUG      --- [kafka-producer-network-thread | producer-4] o.a.k.c.producer.internals.Sender : [Producer clientId=producer-4] Starting Kafka producer I/O thread.
2023-03-10 23:41:38 DEBUG      --- [kafka-producer-network-thread | producer-4] o.a.k.c.p.i.TransactionManager : [Producer clientId=producer-4] Transition from state UNINITIALIZED to INITIALIZING
2023-03-10 23:41:38 DEBUG      --- [kafka-producer-network-thread | producer-4] o.a.k.c.p.i.TransactionManager : [Producer clientId=producer-4] Enqueuing transactional request InitProducerIdRequestData(transactionalId=null, transactionTimeoutMs=2147483647, producerId=-1, producerEpoch=-1)
2023-03-10 23:41:38 DEBUG      --- [http-nio-8001-exec-7] o.a.k.c.producer.KafkaProducer : [Producer clientId=producer-4] Kafka producer started
2023-03-10 23:41:38 DEBUG      --- [kafka-producer-network-thread | producer-4] o.a.kafka.clients.NetworkClient : [Producer clientId=producer-4] Initialize connection to node 0:0:0:0:0:0:0:1:9092 (id: -1 rack: null) for sending metadata request
2023-03-10 23:41:38 DEBUG      --- [http-nio-8001-exec-7] o.s.k.c.DefaultKafkaProducerFactory : Created new Producer: CloseSafeProducer [delegate=org.apache.kafka.clients.producer.KafkaProducer@5e0d771e]
2023-03-10 23:41:38 DEBUG      --- [kafka-producer-network-thread | producer-4] o.apache.kafka.clients.ClientUtils : Resolved host 0:0:0:0:0:0:0:1 as 0:0:0:0:0:0:0:1
2023-03-10 23:41:38 DEBUG      --- [kafka-producer-network-thread | producer-4] o.a.kafka.clients.NetworkClient : [Producer clientId=producer-4] Initiating connection to node 0:0:0:0:0:0:0:1:9092 (id: -1 rack: null) using address /0:0:0:0:0:0:0:1
2023-03-10 23:41:38 DEBUG      --- [kafka-producer-network-thread | producer-4] o.a.kafka.common.network.Selector : [Producer clientId=producer-4] Created socket with SO_RCVBUF = 32768, SO_SNDBUF = 131072, SO_TIMEOUT = 0 to node -1
2023-03-10 23:41:38 DEBUG      --- [kafka-producer-network-thread | producer-4] o.a.kafka.clients.NetworkClient : [Producer clientId=producer-4] Completed connection to node -1. Fetching API versions.
2023-03-10 23:41:38 DEBUG      --- [kafka-producer-network-thread | producer-4] o.a.kafka.clients.NetworkClient : [Producer clientId=producer-4] Initiating API versions fetch from node -1.
2023-03-10 23:41:38 DEBUG      --- [kafka-producer-network-thread | producer-4] o.a.kafka.clients.NetworkClient : [Producer clientId=producer-4] Sending API_VERSIONS request with header RequestHeader(apiKey=API_VERSIONS, apiVersion=3, clientId=producer-4, correlationId=0) and timeout 30000 to node -1: ApiVersionsRequestData(clientSoftwareName='apache-kafka-java', clientSoftwareVersion='3.3.2')
2023-03-10 23:41:38 DEBUG      --- [kafka-producer-network-thread | producer-4] o.a.kafka.clients.NetworkClient : [Producer clientId=producer-4] Received API_VERSIONS response from node -1 for request with header RequestHeader(apiKey=API_VERSIONS, apiVersion=3, clientId=producer-4, correlationId=0): ApiVersionsResponseData(errorCode=0, apiKeys=[ApiVersion(apiKey=0, minVersion=0, maxVersion=9), ApiVersion(apiKey=1, minVersion=0, maxVersion=13), ApiVersion(apiKey=2, minVersion=0, maxVersion=7), ApiVersion(apiKey=3, minVersion=0, maxVersion=12), ApiVersion(apiKey=8, minVersion=0, maxVersion=8), ApiVersion(apiKey=9, minVersion=0, maxVersion=8), ApiVersion(apiKey=10, minVersion=0, maxVersion=4), ApiVersion(apiKey=11, minVersion=0, maxVersion=9), ApiVersion(apiKey=12, minVersion=0, maxVersion=4), ApiVersion(apiKey=13, minVersion=0, maxVersion=5), ApiVersion(apiKey=14, minVersion=0, maxVersion=5), ApiVersion(apiKey=15, minVersion=0, maxVersion=5), ApiVersion(apiKey=16, minVersion=0, maxVersion=4), ApiVersion(apiKey=17, minVersion=0, maxVersion=1), ApiVersion(apiKey=18, minVersion=0, maxVersion=3), ApiVersion(apiKey=19, minVersion=0, maxVersion=7), ApiVersion(apiKey=20, minVersion=0, maxVersion=6), ApiVersion(apiKey=21, minVersion=0, maxVersion=2), ApiVersion(apiKey=22, minVersion=0, maxVersion=4), ApiVersion(apiKey=23, minVersion=0, maxVersion=4), ApiVersion(apiKey=24, minVersion=0, maxVersion=3), ApiVersion(apiKey=25, minVersion=0, maxVersion=3), ApiVersion(apiKey=26, minVersion=0, maxVersion=3), ApiVersion(apiKey=27, minVersion=0, maxVersion=1), ApiVersion(apiKey=28, minVersion=0, maxVersion=3), ApiVersion(apiKey=29, minVersion=0, maxVersion=3), ApiVersion(apiKey=30, minVersion=0, maxVersion=3), ApiVersion(apiKey=31, minVersion=0, maxVersion=3), ApiVersion(apiKey=32, minVersion=0, maxVersion=4), ApiVersion(apiKey=33, minVersion=0, maxVersion=2), ApiVersion(apiKey=34, minVersion=0, maxVersion=2), ApiVersion(apiKey=35, minVersion=0, maxVersion=4), ApiVersion(apiKey=36, minVersion=0, maxVersion=2), ApiVersion(apiKey=37, minVersion=0, maxVersion=3), ApiVersion(apiKey=42, minVersion=0, maxVersion=2), ApiVersion(apiKey=43, minVersion=0, maxVersion=2), ApiVersion(apiKey=44, minVersion=0, maxVersion=1), ApiVersion(apiKey=45, minVersion=0, maxVersion=0), ApiVersion(apiKey=46, minVersion=0, maxVersion=0), ApiVersion(apiKey=47, minVersion=0, maxVersion=0), ApiVersion(apiKey=48, minVersion=0, maxVersion=1), ApiVersion(apiKey=49, minVersion=0, maxVersion=1), ApiVersion(apiKey=55, minVersion=0, maxVersion=1), ApiVersion(apiKey=57, minVersion=0, maxVersion=1), ApiVersion(apiKey=60, minVersion=0, maxVersion=0), ApiVersion(apiKey=61, minVersion=0, maxVersion=0), ApiVersion(apiKey=64, minVersion=0, maxVersion=0), ApiVersion(apiKey=65, minVersion=0, maxVersion=0), ApiVersion(apiKey=66, minVersion=0, maxVersion=0)], throttleTimeMs=0, supportedFeatures=[SupportedFeatureKey(name='metadata.version', minVersion=1, maxVersion=8)], finalizedFeaturesEpoch=457732, finalizedFeatures=[FinalizedFeatureKey(name='metadata.version', maxVersionLevel=8, minVersionLevel=8)])
2023-03-10 23:41:38 DEBUG      --- [kafka-producer-network-thread | producer-4] o.a.kafka.clients.NetworkClient : [Producer clientId=producer-4] Node -1 has finalized features epoch: 457732, finalized features: [FinalizedFeatureKey(name='metadata.version', maxVersionLevel=8, minVersionLevel=8)], supported features: [SupportedFeatureKey(name='metadata.version', minVersion=1, maxVersion=8)], API versions: (Produce(0): 0 to 9 [usable: 9], Fetch(1): 0 to 13 [usable: 13], ListOffsets(2): 0 to 7 [usable: 7], Metadata(3): 0 to 12 [usable: 12], LeaderAndIsr(4): UNSUPPORTED, StopReplica(5): UNSUPPORTED, UpdateMetadata(6): UNSUPPORTED, ControlledShutdown(7): UNSUPPORTED, OffsetCommit(8): 0 to 8 [usable: 8], OffsetFetch(9): 0 to 8 [usable: 8], FindCoordinator(10): 0 to 4 [usable: 4], JoinGroup(11): 0 to 9 [usable: 9], Heartbeat(12): 0 to 4 [usable: 4], LeaveGroup(13): 0 to 5 [usable: 5], SyncGroup(14): 0 to 5 [usable: 5], DescribeGroups(15): 0 to 5 [usable: 5], ListGroups(16): 0 to 4 [usable: 4], SaslHandshake(17): 0 to 1 [usable: 1], ApiVersions(18): 0 to 3 [usable: 3], CreateTopics(19): 0 to 7 [usable: 7], DeleteTopics(20): 0 to 6 [usable: 6], DeleteRecords(21): 0 to 2 [usable: 2], InitProducerId(22): 0 to 4 [usable: 4], OffsetForLeaderEpoch(23): 0 to 4 [usable: 4], AddPartitionsToTxn(24): 0 to 3 [usable: 3], AddOffsetsToTxn(25): 0 to 3 [usable: 3], EndTxn(26): 0 to 3 [usable: 3], WriteTxnMarkers(27): 0 to 1 [usable: 1], TxnOffsetCommit(28): 0 to 3 [usable: 3], DescribeAcls(29): 0 to 3 [usable: 3], CreateAcls(30): 0 to 3 [usable: 3], DeleteAcls(31): 0 to 3 [usable: 3], DescribeConfigs(32): 0 to 4 [usable: 4], AlterConfigs(33): 0 to 2 [usable: 2], AlterReplicaLogDirs(34): 0 to 2 [usable: 2], DescribeLogDirs(35): 0 to 4 [usable: 4], SaslAuthenticate(36): 0 to 2 [usable: 2], CreatePartitions(37): 0 to 3 [usable: 3], CreateDelegationToken(38): UNSUPPORTED, RenewDelegationToken(39): UNSUPPORTED, ExpireDelegationToken(40): UNSUPPORTED, DescribeDelegationToken(41): UNSUPPORTED, DeleteGroups(42): 0 to 2 [usable: 2], ElectLeaders(43): 0 to 2 [usable: 2], IncrementalAlterConfigs(44): 0 to 1 [usable: 1], AlterPartitionReassignments(45): 0 [usable: 0], ListPartitionReassignments(46): 0 [usable: 0], OffsetDelete(47): 0 [usable: 0], DescribeClientQuotas(48): 0 to 1 [usable: 1], AlterClientQuotas(49): 0 to 1 [usable: 1], DescribeUserScramCredentials(50): UNSUPPORTED, AlterUserScramCredentials(51): UNSUPPORTED, DescribeQuorum(55): 0 to 1 [usable: 1], AlterPartition(56): UNSUPPORTED, UpdateFeatures(57): 0 to 1 [usable: 1], DescribeCluster(60): 0 [usable: 0], DescribeProducers(61): 0 [usable: 0], UnregisterBroker(64): 0 [usable: 0], DescribeTransactions(65): 0 [usable: 0], ListTransactions(66): 0 [usable: 0], AllocateProducerIds(67): UNSUPPORTED).
2023-03-10 23:41:38 DEBUG      --- [kafka-producer-network-thread | producer-4] o.a.kafka.clients.NetworkClient : [Producer clientId=producer-4] Sending metadata request MetadataRequestData(topics=[MetadataRequestTopic(topicId=AAAAAAAAAAAAAAAAAAAAAA, name='multiTypeTopic')], allowAutoTopicCreation=true, includeClusterAuthorizedOperations=false, includeTopicAuthorizedOperations=false) to node 0:0:0:0:0:0:0:1:9092 (id: -1 rack: null)
2023-03-10 23:41:38 DEBUG      --- [kafka-producer-network-thread | producer-4] o.a.kafka.clients.NetworkClient : [Producer clientId=producer-4] Sending METADATA request with header RequestHeader(apiKey=METADATA, apiVersion=12, clientId=producer-4, correlationId=1) and timeout 30000 to node -1: MetadataRequestData(topics=[MetadataRequestTopic(topicId=AAAAAAAAAAAAAAAAAAAAAA, name='multiTypeTopic')], allowAutoTopicCreation=true, includeClusterAuthorizedOperations=false, includeTopicAuthorizedOperations=false)
2023-03-10 23:41:38 DEBUG      --- [kafka-producer-network-thread | producer-4] o.a.k.c.producer.internals.Sender : [Producer clientId=producer-4] Sending transactional request InitProducerIdRequestData(transactionalId=null, transactionTimeoutMs=2147483647, producerId=-1, producerEpoch=-1) to node 0:0:0:0:0:0:0:1:9092 (id: -1 rack: null) with correlation ID 2
2023-03-10 23:41:38 DEBUG      --- [kafka-producer-network-thread | producer-4] o.a.kafka.clients.NetworkClient : [Producer clientId=producer-4] Sending INIT_PRODUCER_ID request with header RequestHeader(apiKey=INIT_PRODUCER_ID, apiVersion=4, clientId=producer-4, correlationId=2) and timeout 30000 to node -1: InitProducerIdRequestData(transactionalId=null, transactionTimeoutMs=2147483647, producerId=-1, producerEpoch=-1)
2023-03-10 23:41:38 DEBUG      --- [kafka-producer-network-thread | producer-4] o.a.kafka.clients.NetworkClient : [Producer clientId=producer-4] Received METADATA response from node -1 for request with header RequestHeader(apiKey=METADATA, apiVersion=12, clientId=producer-4, correlationId=1): MetadataResponseData(throttleTimeMs=0, brokers=[MetadataResponseBroker(nodeId=1, host='::1', port=9092, rack=null)], clusterId='zpRNdB6cTTaQDVKIqKV2HQ', controllerId=1, topics=[MetadataResponseTopic(errorCode=0, name='multiTypeTopic', topicId=aIVl6sYIRmKJej9njoLRIw, isInternal=false, partitions=[MetadataResponsePartition(errorCode=0, partitionIndex=0, leaderId=1, leaderEpoch=22, replicaNodes=[1], isrNodes=[1], offlineReplicas=[])], topicAuthorizedOperations=-2147483648)], clusterAuthorizedOperations=-2147483648)
2023-03-10 23:41:38 INFO       --- [kafka-producer-network-thread | producer-4] org.apache.kafka.clients.Metadata : [Producer clientId=producer-4] Resetting the last seen epoch of partition multiTypeTopic-0 to 22 since the associated topicId changed from null to aIVl6sYIRmKJej9njoLRIw
2023-03-10 23:41:38 INFO       --- [kafka-producer-network-thread | producer-4] org.apache.kafka.clients.Metadata : [Producer clientId=producer-4] Cluster ID: zpRNdB6cTTaQDVKIqKV2HQ
2023-03-10 23:41:38 DEBUG      --- [kafka-producer-network-thread | producer-4] org.apache.kafka.clients.Metadata : [Producer clientId=producer-4] Updated cluster metadata updateVersion 2 to MetadataCache{clusterId='zpRNdB6cTTaQDVKIqKV2HQ', nodes={1=::1:9092 (id: 1 rack: null)}, partitions=[PartitionMetadata(error=NONE, partition=multiTypeTopic-0, leader=Optional[1], leaderEpoch=Optional[22], replicas=1, isr=1, offlineReplicas=)], controller=::1:9092 (id: 1 rack: null)}
2023-03-10 23:41:38 DEBUG      --- [kafka-producer-network-thread | producer-4] o.a.kafka.clients.NetworkClient : [Producer clientId=producer-4] Received INIT_PRODUCER_ID response from node -1 for request with header RequestHeader(apiKey=INIT_PRODUCER_ID, apiVersion=4, clientId=producer-4, correlationId=2): InitProducerIdResponseData(throttleTimeMs=0, errorCode=0, producerId=5005, producerEpoch=0)
2023-03-10 23:41:38 INFO       --- [kafka-producer-network-thread | producer-4] o.a.k.c.p.i.TransactionManager : [Producer clientId=producer-4] ProducerId set to 5005 with epoch 0
2023-03-10 23:41:38 DEBUG      --- [kafka-producer-network-thread | producer-4] o.a.k.c.p.i.TransactionManager : [Producer clientId=producer-4] Transition from state INITIALIZING to READY
2023-03-10 23:41:38 DEBUG      --- [kafka-producer-network-thread | producer-4] o.apache.kafka.clients.ClientUtils : Resolved host ::1 as 0:0:0:0:0:0:0:1
2023-03-10 23:41:38 DEBUG      --- [kafka-producer-network-thread | producer-4] o.a.kafka.clients.NetworkClient : [Producer clientId=producer-4] Initiating connection to node ::1:9092 (id: 1 rack: null) using address /0:0:0:0:0:0:0:1
2023-03-10 23:41:38 DEBUG      --- [kafka-producer-network-thread | producer-4] o.a.kafka.common.network.Selector : [Producer clientId=producer-4] Created socket with SO_RCVBUF = 32768, SO_SNDBUF = 131072, SO_TIMEOUT = 0 to node 1
2023-03-10 23:41:38 DEBUG      --- [kafka-producer-network-thread | producer-4] o.a.kafka.clients.NetworkClient : [Producer clientId=producer-4] Completed connection to node 1. Fetching API versions.
2023-03-10 23:41:38 DEBUG      --- [kafka-producer-network-thread | producer-4] o.a.kafka.clients.NetworkClient : [Producer clientId=producer-4] Initiating API versions fetch from node 1.
2023-03-10 23:41:38 DEBUG      --- [kafka-producer-network-thread | producer-4] o.a.kafka.clients.NetworkClient : [Producer clientId=producer-4] Sending API_VERSIONS request with header RequestHeader(apiKey=API_VERSIONS, apiVersion=3, clientId=producer-4, correlationId=3) and timeout 30000 to node 1: ApiVersionsRequestData(clientSoftwareName='apache-kafka-java', clientSoftwareVersion='3.3.2')
2023-03-10 23:41:38 DEBUG      --- [kafka-producer-network-thread | producer-4] o.a.kafka.clients.NetworkClient : [Producer clientId=producer-4] Received API_VERSIONS response from node 1 for request with header RequestHeader(apiKey=API_VERSIONS, apiVersion=3, clientId=producer-4, correlationId=3): ApiVersionsResponseData(errorCode=0, apiKeys=[ApiVersion(apiKey=0, minVersion=0, maxVersion=9), ApiVersion(apiKey=1, minVersion=0, maxVersion=13), ApiVersion(apiKey=2, minVersion=0, maxVersion=7), ApiVersion(apiKey=3, minVersion=0, maxVersion=12), ApiVersion(apiKey=8, minVersion=0, maxVersion=8), ApiVersion(apiKey=9, minVersion=0, maxVersion=8), ApiVersion(apiKey=10, minVersion=0, maxVersion=4), ApiVersion(apiKey=11, minVersion=0, maxVersion=9), ApiVersion(apiKey=12, minVersion=0, maxVersion=4), ApiVersion(apiKey=13, minVersion=0, maxVersion=5), ApiVersion(apiKey=14, minVersion=0, maxVersion=5), ApiVersion(apiKey=15, minVersion=0, maxVersion=5), ApiVersion(apiKey=16, minVersion=0, maxVersion=4), ApiVersion(apiKey=17, minVersion=0, maxVersion=1), ApiVersion(apiKey=18, minVersion=0, maxVersion=3), ApiVersion(apiKey=19, minVersion=0, maxVersion=7), ApiVersion(apiKey=20, minVersion=0, maxVersion=6), ApiVersion(apiKey=21, minVersion=0, maxVersion=2), ApiVersion(apiKey=22, minVersion=0, maxVersion=4), ApiVersion(apiKey=23, minVersion=0, maxVersion=4), ApiVersion(apiKey=24, minVersion=0, maxVersion=3), ApiVersion(apiKey=25, minVersion=0, maxVersion=3), ApiVersion(apiKey=26, minVersion=0, maxVersion=3), ApiVersion(apiKey=27, minVersion=0, maxVersion=1), ApiVersion(apiKey=28, minVersion=0, maxVersion=3), ApiVersion(apiKey=29, minVersion=0, maxVersion=3), ApiVersion(apiKey=30, minVersion=0, maxVersion=3), ApiVersion(apiKey=31, minVersion=0, maxVersion=3), ApiVersion(apiKey=32, minVersion=0, maxVersion=4), ApiVersion(apiKey=33, minVersion=0, maxVersion=2), ApiVersion(apiKey=34, minVersion=0, maxVersion=2), ApiVersion(apiKey=35, minVersion=0, maxVersion=4), ApiVersion(apiKey=36, minVersion=0, maxVersion=2), ApiVersion(apiKey=37, minVersion=0, maxVersion=3), ApiVersion(apiKey=42, minVersion=0, maxVersion=2), ApiVersion(apiKey=43, minVersion=0, maxVersion=2), ApiVersion(apiKey=44, minVersion=0, maxVersion=1), ApiVersion(apiKey=45, minVersion=0, maxVersion=0), ApiVersion(apiKey=46, minVersion=0, maxVersion=0), ApiVersion(apiKey=47, minVersion=0, maxVersion=0), ApiVersion(apiKey=48, minVersion=0, maxVersion=1), ApiVersion(apiKey=49, minVersion=0, maxVersion=1), ApiVersion(apiKey=55, minVersion=0, maxVersion=1), ApiVersion(apiKey=57, minVersion=0, maxVersion=1), ApiVersion(apiKey=60, minVersion=0, maxVersion=0), ApiVersion(apiKey=61, minVersion=0, maxVersion=0), ApiVersion(apiKey=64, minVersion=0, maxVersion=0), ApiVersion(apiKey=65, minVersion=0, maxVersion=0), ApiVersion(apiKey=66, minVersion=0, maxVersion=0)], throttleTimeMs=0, supportedFeatures=[SupportedFeatureKey(name='metadata.version', minVersion=1, maxVersion=8)], finalizedFeaturesEpoch=457732, finalizedFeatures=[FinalizedFeatureKey(name='metadata.version', maxVersionLevel=8, minVersionLevel=8)])
2023-03-10 23:41:38 DEBUG      --- [kafka-producer-network-thread | producer-4] o.a.kafka.clients.NetworkClient : [Producer clientId=producer-4] Node 1 has finalized features epoch: 457732, finalized features: [FinalizedFeatureKey(name='metadata.version', maxVersionLevel=8, minVersionLevel=8)], supported features: [SupportedFeatureKey(name='metadata.version', minVersion=1, maxVersion=8)], API versions: (Produce(0): 0 to 9 [usable: 9], Fetch(1): 0 to 13 [usable: 13], ListOffsets(2): 0 to 7 [usable: 7], Metadata(3): 0 to 12 [usable: 12], LeaderAndIsr(4): UNSUPPORTED, StopReplica(5): UNSUPPORTED, UpdateMetadata(6): UNSUPPORTED, ControlledShutdown(7): UNSUPPORTED, OffsetCommit(8): 0 to 8 [usable: 8], OffsetFetch(9): 0 to 8 [usable: 8], FindCoordinator(10): 0 to 4 [usable: 4], JoinGroup(11): 0 to 9 [usable: 9], Heartbeat(12): 0 to 4 [usable: 4], LeaveGroup(13): 0 to 5 [usable: 5], SyncGroup(14): 0 to 5 [usable: 5], DescribeGroups(15): 0 to 5 [usable: 5], ListGroups(16): 0 to 4 [usable: 4], SaslHandshake(17): 0 to 1 [usable: 1], ApiVersions(18): 0 to 3 [usable: 3], CreateTopics(19): 0 to 7 [usable: 7], DeleteTopics(20): 0 to 6 [usable: 6], DeleteRecords(21): 0 to 2 [usable: 2], InitProducerId(22): 0 to 4 [usable: 4], OffsetForLeaderEpoch(23): 0 to 4 [usable: 4], AddPartitionsToTxn(24): 0 to 3 [usable: 3], AddOffsetsToTxn(25): 0 to 3 [usable: 3], EndTxn(26): 0 to 3 [usable: 3], WriteTxnMarkers(27): 0 to 1 [usable: 1], TxnOffsetCommit(28): 0 to 3 [usable: 3], DescribeAcls(29): 0 to 3 [usable: 3], CreateAcls(30): 0 to 3 [usable: 3], DeleteAcls(31): 0 to 3 [usable: 3], DescribeConfigs(32): 0 to 4 [usable: 4], AlterConfigs(33): 0 to 2 [usable: 2], AlterReplicaLogDirs(34): 0 to 2 [usable: 2], DescribeLogDirs(35): 0 to 4 [usable: 4], SaslAuthenticate(36): 0 to 2 [usable: 2], CreatePartitions(37): 0 to 3 [usable: 3], CreateDelegationToken(38): UNSUPPORTED, RenewDelegationToken(39): UNSUPPORTED, ExpireDelegationToken(40): UNSUPPORTED, DescribeDelegationToken(41): UNSUPPORTED, DeleteGroups(42): 0 to 2 [usable: 2], ElectLeaders(43): 0 to 2 [usable: 2], IncrementalAlterConfigs(44): 0 to 1 [usable: 1], AlterPartitionReassignments(45): 0 [usable: 0], ListPartitionReassignments(46): 0 [usable: 0], OffsetDelete(47): 0 [usable: 0], DescribeClientQuotas(48): 0 to 1 [usable: 1], AlterClientQuotas(49): 0 to 1 [usable: 1], DescribeUserScramCredentials(50): UNSUPPORTED, AlterUserScramCredentials(51): UNSUPPORTED, DescribeQuorum(55): 0 to 1 [usable: 1], AlterPartition(56): UNSUPPORTED, UpdateFeatures(57): 0 to 1 [usable: 1], DescribeCluster(60): 0 [usable: 0], DescribeProducers(61): 0 [usable: 0], UnregisterBroker(64): 0 [usable: 0], DescribeTransactions(65): 0 [usable: 0], ListTransactions(66): 0 [usable: 0], AllocateProducerIds(67): UNSUPPORTED).
2023-03-10 23:41:38 DEBUG      --- [kafka-producer-network-thread | producer-4] o.a.k.c.p.i.TransactionManager : [Producer clientId=producer-4] ProducerId of partition multiTypeTopic-0 set to 5005 with epoch 0. Reinitialize sequence at beginning.
2023-03-10 23:41:38 DEBUG      --- [kafka-producer-network-thread | producer-4] o.a.k.c.p.i.RecordAccumulator : [Producer clientId=producer-4] Assigned producerId 5005 and producerEpoch 0 to batch with base sequence 0 being sent to partition multiTypeTopic-0
2023-03-10 23:41:38 DEBUG      --- [kafka-producer-network-thread | producer-4] o.a.kafka.clients.NetworkClient : [Producer clientId=producer-4] Sending PRODUCE request with header RequestHeader(apiKey=PRODUCE, apiVersion=9, clientId=producer-4, correlationId=4) and timeout 30000 to node 1: {acks=-1,timeout=30000,partitionSizes=[multiTypeTopic-0=121]}
2023-03-10 23:41:38 DEBUG      --- [kafka-producer-network-thread | producer-4] o.a.k.c.p.i.RecordAccumulator : [Producer clientId=producer-4] Assigned producerId 5005 and producerEpoch 0 to batch with base sequence 1 being sent to partition multiTypeTopic-0
2023-03-10 23:41:38 DEBUG      --- [kafka-producer-network-thread | producer-4] o.a.kafka.clients.NetworkClient : [Producer clientId=producer-4] Sending PRODUCE request with header RequestHeader(apiKey=PRODUCE, apiVersion=9, clientId=producer-4, correlationId=5) and timeout 30000 to node 1: {acks=-1,timeout=30000,partitionSizes=[multiTypeTopic-0=130]}
2023-03-10 23:41:38 DEBUG      --- [kafka-producer-network-thread | producer-4] o.a.kafka.clients.NetworkClient : [Producer clientId=producer-4] Received PRODUCE response from node 1 for request with header RequestHeader(apiKey=PRODUCE, apiVersion=9, clientId=producer-4, correlationId=4): ProduceResponseData(responses=[TopicProduceResponse(name='multiTypeTopic', partitionResponses=[PartitionProduceResponse(index=0, errorCode=0, baseOffset=52, logAppendTimeMs=-1, logStartOffset=0, recordErrors=[], errorMessage=null)])], throttleTimeMs=0)
2023-03-10 23:41:38 DEBUG      --- [kafka-producer-network-thread | producer-4] o.a.k.c.p.i.TransactionManager : [Producer clientId=producer-4] ProducerId: 5005; Set last ack'd sequence number for topic-partition multiTypeTopic-0 to 0
2023-03-10 23:41:38 DEBUG      --- [kafka-producer-network-thread | producer-4] o.a.kafka.clients.NetworkClient : [Producer clientId=producer-4] Received PRODUCE response from node 1 for request with header RequestHeader(apiKey=PRODUCE, apiVersion=9, clientId=producer-4, correlationId=5): ProduceResponseData(responses=[TopicProduceResponse(name='multiTypeTopic', partitionResponses=[PartitionProduceResponse(index=0, errorCode=0, baseOffset=53, logAppendTimeMs=-1, logStartOffset=0, recordErrors=[], errorMessage=null)])], throttleTimeMs=0)
2023-03-10 23:41:38 DEBUG      --- [kafka-producer-network-thread | producer-4] o.a.k.c.p.i.TransactionManager : [Producer clientId=producer-4] ProducerId: 5005; Set last ack'd sequence number for topic-partition multiTypeTopic-0 to 1
2023-03-10 23:41:38 DEBUG      --- [http-nio-8001-exec-7] o.s.w.s.m.m.a.HttpEntityMethodProcessor : Using 'application/json;q=0.8', given [text/html, application/xhtml+xml, image/avif, image/webp, image/apng, application/xml;q=0.9, */*;q=0.8, application/signed-exchange;v=b3;q=0.7] and supported [application/json]
2023-03-10 23:41:38 DEBUG      --- [http-nio-8001-exec-7] o.s.w.s.m.m.a.HttpEntityMethodProcessor : Writing [{data={}, message=com.cldbiz.kafkaproducer.common.JsonResponse$Message@3cdfa454}]
2023-03-10 23:41:38 DEBUG      --- [http-nio-8001-exec-7] o.s.o.j.s.OpenEntityManagerInViewInterceptor : Closing JPA EntityManager in OpenEntityManagerInViewInterceptor
2023-03-10 23:41:38 DEBUG      --- [http-nio-8001-exec-7] o.s.web.servlet.DispatcherServlet : Completed 200 OK
